  [1m[35m (625.6ms)[0m  [1m[35mCREATE DATABASE "SyncUpAPI_development" ENCODING = 'unicode'[0m
  ↳ bin/rails:9
  [1m[35m (496.3ms)[0m  [1m[35mCREATE DATABASE "SyncUpAPI_test" ENCODING = 'unicode'[0m
  ↳ bin/rails:9
  [1m[35m (0.6ms)[0m  [1m[35mCREATE DATABASE "SyncUpAPI_development" ENCODING = 'unicode'[0m
  ↳ bin/rails:9
  [1m[35m (0.5ms)[0m  [1m[35mCREATE DATABASE "SyncUpAPI_test" ENCODING = 'unicode'[0m
  ↳ bin/rails:9
  [1m[35m (226.7ms)[0m  [1m[35mDROP DATABASE IF EXISTS "SyncUpAPI_development"[0m
  ↳ bin/rails:9
  [1m[35m (217.0ms)[0m  [1m[35mDROP DATABASE IF EXISTS "SyncUpAPI_test"[0m
  ↳ bin/rails:9
  [1m[35m (499.3ms)[0m  [1m[35mCREATE DATABASE "SyncUpAPI_development" ENCODING = 'unicode'[0m
  ↳ bin/rails:9
  [1m[35m (481.5ms)[0m  [1m[35mCREATE DATABASE "SyncUpAPI_test" ENCODING = 'unicode'[0m
  ↳ bin/rails:9
  [1m[35m (0.5ms)[0m  [1m[35mCREATE DATABASE "SyncUpAPI_development" ENCODING = 'unicode'[0m
  ↳ bin/rails:9
  [1m[35m (0.5ms)[0m  [1m[35mCREATE DATABASE "SyncUpAPI_test" ENCODING = 'unicode'[0m
  ↳ bin/rails:9
  [1m[35m (38.7ms)[0m  [1m[35mCREATE TABLE "schema_migrations" ("version" character varying NOT NULL PRIMARY KEY)[0m
  ↳ bin/rails:9
  [1m[35m (26.9ms)[0m  [1m[35mCREATE TABLE "ar_internal_metadata" ("key" character varying NOT NULL PRIMARY KEY, "value" character varying, "created_at" timestamp NOT NULL, "updated_at" timestamp NOT NULL)[0m
  ↳ bin/rails:9
  [1m[35m (6.8ms)[0m  [1m[34mSELECT pg_try_advisory_lock(5880313183026265305)[0m
  ↳ bin/rails:9
  [1m[35m (2.6ms)[0m  [1m[34mSELECT "schema_migrations"."version" FROM "schema_migrations" ORDER BY "schema_migrations"."version" ASC[0m
  ↳ bin/rails:9
Migrating to CreateUsers (20181112175958)
  [1m[35m (0.2ms)[0m  [1m[35mBEGIN[0m
  ↳ bin/rails:9
  [1m[35m (37.6ms)[0m  [1m[35mCREATE TABLE "users" ("id" bigserial primary key, "name" character varying, "email" character varying, "created_at" timestamp NOT NULL, "updated_at" timestamp NOT NULL)[0m
  ↳ db/migrate/20181112175958_create_users.rb:3
  [1m[36mActiveRecord::SchemaMigration Create (3.8ms)[0m  [1m[32mINSERT INTO "schema_migrations" ("version") VALUES ($1) RETURNING "version"[0m  [["version", "20181112175958"]]
  ↳ bin/rails:9
  [1m[35m (1.6ms)[0m  [1m[35mCOMMIT[0m
  ↳ bin/rails:9
Migrating to CreateAttendances (20181112180037)
  [1m[35m (6.4ms)[0m  [1m[35mBEGIN[0m
  ↳ bin/rails:9
  [1m[35m (12.7ms)[0m  [1m[35mCREATE TABLE "attendances" ("id" bigserial primary key, "user_id" integer, "event_id" integer, "created_at" timestamp NOT NULL, "updated_at" timestamp NOT NULL)[0m
  ↳ db/migrate/20181112180037_create_attendances.rb:3
  [1m[36mActiveRecord::SchemaMigration Create (2.4ms)[0m  [1m[32mINSERT INTO "schema_migrations" ("version") VALUES ($1) RETURNING "version"[0m  [["version", "20181112180037"]]
  ↳ bin/rails:9
  [1m[35m (1.4ms)[0m  [1m[35mCOMMIT[0m
  ↳ bin/rails:9
Migrating to CreateEvents (20181112180944)
  [1m[35m (6.4ms)[0m  [1m[35mBEGIN[0m
  ↳ bin/rails:9
  [1m[35m (22.9ms)[0m  [1m[35mCREATE TABLE "events" ("id" bigserial primary key, "title" character varying, "description" character varying, "date" date, "tags" text, "created_at" timestamp NOT NULL, "updated_at" timestamp NOT NULL)[0m
  ↳ db/migrate/20181112180944_create_events.rb:3
  [1m[36mActiveRecord::SchemaMigration Create (0.4ms)[0m  [1m[32mINSERT INTO "schema_migrations" ("version") VALUES ($1) RETURNING "version"[0m  [["version", "20181112180944"]]
  ↳ bin/rails:9
  [1m[35m (1.5ms)[0m  [1m[35mCOMMIT[0m
  ↳ bin/rails:9
  [1m[36mActiveRecord::InternalMetadata Load (0.6ms)[0m  [1m[34mSELECT  "ar_internal_metadata".* FROM "ar_internal_metadata" WHERE "ar_internal_metadata"."key" = $1 LIMIT $2[0m  [["key", "environment"], ["LIMIT", 1]]
  ↳ bin/rails:9
  [1m[35m (0.2ms)[0m  [1m[35mBEGIN[0m
  ↳ bin/rails:9
  [1m[36mActiveRecord::InternalMetadata Create (8.6ms)[0m  [1m[32mINSERT INTO "ar_internal_metadata" ("key", "value", "created_at", "updated_at") VALUES ($1, $2, $3, $4) RETURNING "key"[0m  [["key", "environment"], ["value", "development"], ["created_at", "2018-11-12 18:31:13.377977"], ["updated_at", "2018-11-12 18:31:13.377977"]]
  ↳ bin/rails:9
  [1m[35m (1.5ms)[0m  [1m[35mCOMMIT[0m
  ↳ bin/rails:9
  [1m[35m (0.6ms)[0m  [1m[34mSELECT pg_advisory_unlock(5880313183026265305)[0m
  ↳ bin/rails:9
  [1m[35m (2.0ms)[0m  [1m[34mSELECT "schema_migrations"."version" FROM "schema_migrations" ORDER BY "schema_migrations"."version" ASC[0m
  ↳ bin/rails:9
  [1m[35m (0.2ms)[0m  [1m[35mBEGIN[0m
  [1m[36mUser Create (1.1ms)[0m  [1m[32mINSERT INTO "users" ("name", "email", "created_at", "updated_at") VALUES ($1, $2, $3, $4) RETURNING "id"[0m  [["name", "Albert"], ["email", "albert@albert.com"], ["created_at", "2018-11-12 18:31:27.330612"], ["updated_at", "2018-11-12 18:31:27.330612"]]
  [1m[35m (1.6ms)[0m  [1m[35mCOMMIT[0m
  [1m[36mUser Load (0.9ms)[0m  [1m[34mSELECT  "users".* FROM "users" ORDER BY "users"."id" ASC LIMIT $1[0m  [["LIMIT", 1]]
  [1m[35m (0.4ms)[0m  [1m[35mBEGIN[0m
  [1m[36mUser Create (1.1ms)[0m  [1m[32mINSERT INTO "users" ("name", "email", "created_at", "updated_at") VALUES ($1, $2, $3, $4) RETURNING "id"[0m  [["name", "Kris"], ["email", "kris@grandma.com"], ["created_at", "2018-11-12 18:31:44.979084"], ["updated_at", "2018-11-12 18:31:44.979084"]]
  [1m[35m (1.6ms)[0m  [1m[35mCOMMIT[0m
  [1m[35m (0.2ms)[0m  [1m[35mBEGIN[0m
  [1m[36mEvent Create (1.1ms)[0m  [1m[32mINSERT INTO "events" ("title", "description", "date", "created_at", "updated_at") VALUES ($1, $2, $3, $4, $5) RETURNING "id"[0m  [["title", "My FUn Event"], ["description", "Come and have some fun now!"], ["date", "2018-11-15"], ["created_at", "2018-11-12 18:31:45.004824"], ["updated_at", "2018-11-12 18:31:45.004824"]]
  [1m[35m (5.9ms)[0m  [1m[35mCOMMIT[0m
  [1m[36mEvent Load (0.6ms)[0m  [1m[34mSELECT  "events".* FROM "events" ORDER BY "events"."id" ASC LIMIT $1[0m  [["LIMIT", 1]]
  [1m[36mEvent Load (0.6ms)[0m  [1m[34mSELECT  "events".* FROM "events" ORDER BY "events"."id" ASC LIMIT $1[0m  [["LIMIT", 1]]
  [1m[36mEvent Load (0.6ms)[0m  [1m[34mSELECT  "events".* FROM "events" ORDER BY "events"."id" ASC LIMIT $1[0m  [["LIMIT", 1]]
  [1m[36mEvent Load (0.9ms)[0m  [1m[34mSELECT  "events".* FROM "events" ORDER BY "events"."id" ASC LIMIT $1[0m  [["LIMIT", 1]]
  [1m[36mEvent Load (0.6ms)[0m  [1m[34mSELECT  "events".* FROM "events" ORDER BY "events"."id" ASC LIMIT $1[0m  [["LIMIT", 1]]
  [1m[35m (0.2ms)[0m  [1m[35mBEGIN[0m
  [1m[36mEvent Update (26.1ms)[0m  [1m[33mUPDATE "events" SET "tags" = $1, "updated_at" = $2 WHERE "events"."id" = $3[0m  [["tags", "---\n- music\n- games\n"], ["updated_at", "2018-11-12 18:33:32.569294"], ["id", 1]]
  [1m[35m (1.5ms)[0m  [1m[35mCOMMIT[0m
  [1m[36mEvent Load (0.7ms)[0m  [1m[34mSELECT  "events".* FROM "events" ORDER BY "events"."id" ASC LIMIT $1[0m  [["LIMIT", 1]]
  [1m[36mEvent Load (0.9ms)[0m  [1m[34mSELECT  "events".* FROM "events" ORDER BY "events"."id" ASC LIMIT $1[0m  [["LIMIT", 1]]
  [1m[36mEvent Load (0.7ms)[0m  [1m[34mSELECT  "events".* FROM "events" ORDER BY "events"."id" ASC LIMIT $1[0m  [["LIMIT", 1]]
  [1m[35m (0.3ms)[0m  [1m[35mBEGIN[0m
  [1m[36mEvent Update (0.6ms)[0m  [1m[33mUPDATE "events" SET "tags" = $1, "updated_at" = $2 WHERE "events"."id" = $3[0m  [["tags", "---\n- music\n- games\n- board games\n"], ["updated_at", "2018-11-12 18:34:24.380979"], ["id", 1]]
  [1m[35m (1.4ms)[0m  [1m[35mCOMMIT[0m
  [1m[36mEvent Load (0.9ms)[0m  [1m[34mSELECT "events".* FROM "events"[0m
  [1m[35m (0.3ms)[0m  [1m[35mBEGIN[0m
  [1m[36mEvent Destroy (0.8ms)[0m  [1m[31mDELETE FROM "events" WHERE "events"."id" = $1[0m  [["id", 1]]
  [1m[35m (1.3ms)[0m  [1m[35mCOMMIT[0m
  [1m[36mEvent Load (0.5ms)[0m  [1m[34mSELECT  "events".* FROM "events" LIMIT $1[0m  [["LIMIT", 11]]
  [1m[36mUser Load (0.9ms)[0m  [1m[34mSELECT "users".* FROM "users"[0m
  [1m[35m (0.3ms)[0m  [1m[35mBEGIN[0m
  [1m[36mUser Destroy (0.8ms)[0m  [1m[31mDELETE FROM "users" WHERE "users"."id" = $1[0m  [["id", 1]]
  [1m[35m (1.4ms)[0m  [1m[35mCOMMIT[0m
  [1m[35m (0.2ms)[0m  [1m[35mBEGIN[0m
  [1m[36mUser Destroy (0.9ms)[0m  [1m[31mDELETE FROM "users" WHERE "users"."id" = $1[0m  [["id", 2]]
  [1m[35m (1.3ms)[0m  [1m[35mCOMMIT[0m
  [1m[36mAttendance Load (2.3ms)[0m  [1m[34mSELECT "attendances".* FROM "attendances"[0m
  [1m[35m (0.9ms)[0m  [1m[34mSELECT "schema_migrations"."version" FROM "schema_migrations" ORDER BY "schema_migrations"."version" ASC[0m
  ↳ bin/rails:9
  [1m[35m (0.2ms)[0m  [1m[35mBEGIN[0m
  ↳ db/seeds.rb:8
  [1m[36mUser Create (0.8ms)[0m  [1m[32mINSERT INTO "users" ("name", "email", "created_at", "updated_at") VALUES ($1, $2, $3, $4) RETURNING "id"[0m  [["name", "Albert"], ["email", "albert@albert.com"], ["created_at", "2018-11-12 18:35:54.896890"], ["updated_at", "2018-11-12 18:35:54.896890"]]
  ↳ db/seeds.rb:8
  [1m[35m (6.1ms)[0m  [1m[35mCOMMIT[0m
  ↳ db/seeds.rb:8
  [1m[35m (0.3ms)[0m  [1m[35mBEGIN[0m
  ↳ db/seeds.rb:9
  [1m[36mUser Create (0.7ms)[0m  [1m[32mINSERT INTO "users" ("name", "email", "created_at", "updated_at") VALUES ($1, $2, $3, $4) RETURNING "id"[0m  [["name", "Kris"], ["email", "kris@grandma.com"], ["created_at", "2018-11-12 18:35:54.907008"], ["updated_at", "2018-11-12 18:35:54.907008"]]
  ↳ db/seeds.rb:9
  [1m[35m (1.4ms)[0m  [1m[35mCOMMIT[0m
  ↳ db/seeds.rb:9
  [1m[35m (0.2ms)[0m  [1m[35mBEGIN[0m
  ↳ db/seeds.rb:10
  [1m[36mEvent Create (0.6ms)[0m  [1m[32mINSERT INTO "events" ("title", "description", "date", "created_at", "updated_at") VALUES ($1, $2, $3, $4, $5) RETURNING "id"[0m  [["title", "My FUn Event"], ["description", "Come and have some fun now!"], ["date", "2018-11-15"], ["created_at", "2018-11-12 18:35:54.932303"], ["updated_at", "2018-11-12 18:35:54.932303"]]
  ↳ db/seeds.rb:10
  [1m[35m (1.4ms)[0m  [1m[35mCOMMIT[0m
  ↳ db/seeds.rb:10
  [1m[36mUser Load (1.7ms)[0m  [1m[34mSELECT  "users".* FROM "users" ORDER BY "users"."id" ASC LIMIT $1[0m  [["LIMIT", 1]]
  ↳ db/seeds.rb:11
  [1m[36mEvent Load (0.5ms)[0m  [1m[34mSELECT  "events".* FROM "events" ORDER BY "events"."id" ASC LIMIT $1[0m  [["LIMIT", 1]]
  ↳ db/seeds.rb:11
  [1m[35m (0.2ms)[0m  [1m[35mBEGIN[0m
  ↳ db/seeds.rb:11
  [1m[36mEvent Load (0.3ms)[0m  [1m[34mSELECT  "events".* FROM "events" WHERE "events"."id" = $1 LIMIT $2[0m  [["id", 2], ["LIMIT", 1]]
  ↳ db/seeds.rb:11
  [1m[36mUser Load (0.3ms)[0m  [1m[34mSELECT  "users".* FROM "users" WHERE "users"."id" = $1 LIMIT $2[0m  [["id", 3], ["LIMIT", 1]]
  ↳ db/seeds.rb:11
  [1m[36mAttendance Create (7.3ms)[0m  [1m[32mINSERT INTO "attendances" ("user_id", "event_id", "created_at", "updated_at") VALUES ($1, $2, $3, $4) RETURNING "id"[0m  [["user_id", 3], ["event_id", 2], ["created_at", "2018-11-12 18:35:54.990131"], ["updated_at", "2018-11-12 18:35:54.990131"]]
  ↳ db/seeds.rb:11
  [1m[35m (10.4ms)[0m  [1m[35mCOMMIT[0m
  ↳ db/seeds.rb:11
  [1m[36mUser Load (0.5ms)[0m  [1m[34mSELECT  "users".* FROM "users" ORDER BY "users"."id" ASC LIMIT $1[0m  [["LIMIT", 1]]
  [1m[36mEvent Load (0.6ms)[0m  [1m[34mSELECT  "events".* FROM "events" ORDER BY "events"."id" ASC LIMIT $1[0m  [["LIMIT", 1]]
  [1m[36mEvent Load (0.6ms)[0m  [1m[34mSELECT  "events".* FROM "events" ORDER BY "events"."id" ASC LIMIT $1[0m  [["LIMIT", 1]]
  [1m[36mEvent Load (1.0ms)[0m  [1m[34mSELECT  "events".* FROM "events" ORDER BY "events"."id" ASC LIMIT $1[0m  [["LIMIT", 1]]
  [1m[36mEvent Load (0.6ms)[0m  [1m[34mSELECT  "events".* FROM "events" ORDER BY "events"."id" ASC LIMIT $1[0m  [["LIMIT", 1]]
  [1m[36mAttendance Load (0.6ms)[0m  [1m[34mSELECT  "attendances".* FROM "attendances" WHERE "attendances"."event_id" = $1 LIMIT $2[0m  [["event_id", 2], ["LIMIT", 11]]
  [1m[36mUser Load (0.6ms)[0m  [1m[34mSELECT  "users".* FROM "users" WHERE "users"."id" = $1 LIMIT $2[0m  [["id", 3], ["LIMIT", 1]]
  [1m[35m (1.0ms)[0m  [1m[34mSELECT "schema_migrations"."version" FROM "schema_migrations" ORDER BY "schema_migrations"."version" ASC[0m
  ↳ bin/rails:9
  [1m[35m (8.9ms)[0m  [1m[34mSELECT "ar_internal_metadata"."value" FROM "ar_internal_metadata" WHERE "ar_internal_metadata"."key" = $1[0m  [["key", "environment"]]
  ↳ bin/rails:9
  [1m[35m (0.6ms)[0m  [1m[34mSELECT "schema_migrations"."version" FROM "schema_migrations" ORDER BY "schema_migrations"."version" ASC[0m
  ↳ bin/rails:9
  [1m[35m (0.5ms)[0m  [1m[34mSELECT "ar_internal_metadata"."value" FROM "ar_internal_metadata" WHERE "ar_internal_metadata"."key" = $1[0m  [["key", "environment"]]
  ↳ bin/rails:9
  [1m[35m (0.7ms)[0m  [1m[34mSELECT "schema_migrations"."version" FROM "schema_migrations" ORDER BY "schema_migrations"."version" ASC[0m
  ↳ bin/rails:9
  [1m[35m (0.5ms)[0m  [1m[34mSELECT "ar_internal_metadata"."value" FROM "ar_internal_metadata" WHERE "ar_internal_metadata"."key" = $1[0m  [["key", "environment"]]
  ↳ bin/rails:9
  [1m[35m (254.8ms)[0m  [1m[35mDROP DATABASE IF EXISTS "SyncUpAPI_development"[0m
  ↳ bin/rails:9
  [1m[35m (241.4ms)[0m  [1m[35mDROP DATABASE IF EXISTS "SyncUpAPI_test"[0m
  ↳ bin/rails:9
  [1m[35m (561.0ms)[0m  [1m[35mCREATE DATABASE "SyncUpAPI_development" ENCODING = 'unicode'[0m
  ↳ bin/rails:9
  [1m[35m (463.5ms)[0m  [1m[35mCREATE DATABASE "SyncUpAPI_test" ENCODING = 'unicode'[0m
  ↳ bin/rails:9
  [1m[35m (9.9ms)[0m  [1m[35mCREATE TABLE "schema_migrations" ("version" character varying NOT NULL PRIMARY KEY)[0m
  ↳ bin/rails:9
  [1m[35m (8.0ms)[0m  [1m[35mCREATE TABLE "ar_internal_metadata" ("key" character varying NOT NULL PRIMARY KEY, "value" character varying, "created_at" timestamp NOT NULL, "updated_at" timestamp NOT NULL)[0m
  ↳ bin/rails:9
  [1m[35m (0.4ms)[0m  [1m[34mSELECT pg_try_advisory_lock(5880313183026265305)[0m
  ↳ bin/rails:9
  [1m[35m (0.7ms)[0m  [1m[34mSELECT "schema_migrations"."version" FROM "schema_migrations" ORDER BY "schema_migrations"."version" ASC[0m
  ↳ bin/rails:9
Migrating to CreateUsers (20181112175958)
  [1m[35m (0.3ms)[0m  [1m[35mBEGIN[0m
  ↳ bin/rails:9
  [1m[35m (17.5ms)[0m  [1m[35mCREATE TABLE "users" ("id" bigserial primary key, "name" character varying, "email" character varying, "created_at" timestamp NOT NULL, "updated_at" timestamp NOT NULL)[0m
  ↳ db/migrate/20181112175958_create_users.rb:3
  [1m[36mActiveRecord::SchemaMigration Create (0.7ms)[0m  [1m[32mINSERT INTO "schema_migrations" ("version") VALUES ($1) RETURNING "version"[0m  [["version", "20181112175958"]]
  ↳ bin/rails:9
  [1m[35m (1.6ms)[0m  [1m[35mCOMMIT[0m
  ↳ bin/rails:9
Migrating to CreateAttendances (20181112180037)
  [1m[35m (6.4ms)[0m  [1m[35mBEGIN[0m
  ↳ bin/rails:9
  [1m[35m (12.3ms)[0m  [1m[35mCREATE TABLE "attendances" ("id" bigserial primary key, "user_id" integer, "event_id" integer, "created_at" timestamp NOT NULL, "updated_at" timestamp NOT NULL)[0m
  ↳ db/migrate/20181112180037_create_attendances.rb:3
  [1m[36mActiveRecord::SchemaMigration Create (0.4ms)[0m  [1m[32mINSERT INTO "schema_migrations" ("version") VALUES ($1) RETURNING "version"[0m  [["version", "20181112180037"]]
  ↳ bin/rails:9
  [1m[35m (5.5ms)[0m  [1m[35mCOMMIT[0m
  ↳ bin/rails:9
Migrating to CreateEvents (20181112180944)
  [1m[35m (5.9ms)[0m  [1m[35mBEGIN[0m
  ↳ bin/rails:9
  [1m[35m (22.1ms)[0m  [1m[35mCREATE TABLE "events" ("id" bigserial primary key, "title" character varying, "description" character varying, "date" date, "tags" text, "created_at" timestamp NOT NULL, "updated_at" timestamp NOT NULL)[0m
  ↳ db/migrate/20181112180944_create_events.rb:3
  [1m[36mActiveRecord::SchemaMigration Create (0.5ms)[0m  [1m[32mINSERT INTO "schema_migrations" ("version") VALUES ($1) RETURNING "version"[0m  [["version", "20181112180944"]]
  ↳ bin/rails:9
  [1m[35m (1.3ms)[0m  [1m[35mCOMMIT[0m
  ↳ bin/rails:9
  [1m[36mActiveRecord::InternalMetadata Load (0.5ms)[0m  [1m[34mSELECT  "ar_internal_metadata".* FROM "ar_internal_metadata" WHERE "ar_internal_metadata"."key" = $1 LIMIT $2[0m  [["key", "environment"], ["LIMIT", 1]]
  ↳ bin/rails:9
  [1m[35m (0.2ms)[0m  [1m[35mBEGIN[0m
  ↳ bin/rails:9
  [1m[36mActiveRecord::InternalMetadata Create (0.6ms)[0m  [1m[32mINSERT INTO "ar_internal_metadata" ("key", "value", "created_at", "updated_at") VALUES ($1, $2, $3, $4) RETURNING "key"[0m  [["key", "environment"], ["value", "development"], ["created_at", "2018-11-12 18:52:49.472759"], ["updated_at", "2018-11-12 18:52:49.472759"]]
  ↳ bin/rails:9
  [1m[35m (1.3ms)[0m  [1m[35mCOMMIT[0m
  ↳ bin/rails:9
  [1m[35m (0.4ms)[0m  [1m[34mSELECT pg_advisory_unlock(5880313183026265305)[0m
  ↳ bin/rails:9
  [1m[35m (0.4ms)[0m  [1m[34mSELECT "schema_migrations"."version" FROM "schema_migrations" ORDER BY "schema_migrations"."version" ASC[0m
  ↳ bin/rails:9
  [1m[35m (1.0ms)[0m  [1m[34mSELECT "schema_migrations"."version" FROM "schema_migrations" ORDER BY "schema_migrations"."version" ASC[0m
  ↳ bin/rails:9
  [1m[35m (0.4ms)[0m  [1m[35mBEGIN[0m
  ↳ db/seeds.rb:4
  [1m[36mUser Create (1.1ms)[0m  [1m[32mINSERT INTO "users" ("name", "email", "created_at", "updated_at") VALUES ($1, $2, $3, $4) RETURNING "id"[0m  [["name", "Albert"], ["email", "albert@albert.com"], ["created_at", "2018-11-12 18:52:54.538738"], ["updated_at", "2018-11-12 18:52:54.538738"]]
  ↳ db/seeds.rb:4
  [1m[35m (5.3ms)[0m  [1m[35mCOMMIT[0m
  ↳ db/seeds.rb:4
  [1m[35m (0.3ms)[0m  [1m[35mBEGIN[0m
  ↳ db/seeds.rb:5
  [1m[36mUser Create (0.8ms)[0m  [1m[32mINSERT INTO "users" ("name", "email", "created_at", "updated_at") VALUES ($1, $2, $3, $4) RETURNING "id"[0m  [["name", "Kris"], ["email", "kris@grandma.com"], ["created_at", "2018-11-12 18:52:54.548560"], ["updated_at", "2018-11-12 18:52:54.548560"]]
  ↳ db/seeds.rb:5
  [1m[35m (1.6ms)[0m  [1m[35mCOMMIT[0m
  ↳ db/seeds.rb:5
  [1m[35m (0.6ms)[0m  [1m[35mBEGIN[0m
  ↳ db/seeds.rb:6
  [1m[36mEvent Create (1.6ms)[0m  [1m[32mINSERT INTO "events" ("title", "description", "date", "created_at", "updated_at") VALUES ($1, $2, $3, $4, $5) RETURNING "id"[0m  [["title", "My FUn Event"], ["description", "Come and have some fun now!"], ["date", "2018-11-15"], ["created_at", "2018-11-12 18:52:54.592907"], ["updated_at", "2018-11-12 18:52:54.592907"]]
  ↳ db/seeds.rb:6
  [1m[35m (1.3ms)[0m  [1m[35mCOMMIT[0m
  ↳ db/seeds.rb:6
  [1m[36mUser Load (0.8ms)[0m  [1m[34mSELECT  "users".* FROM "users" ORDER BY "users"."id" ASC LIMIT $1[0m  [["LIMIT", 1]]
  ↳ db/seeds.rb:7
  [1m[36mEvent Load (0.6ms)[0m  [1m[34mSELECT  "events".* FROM "events" ORDER BY "events"."id" ASC LIMIT $1[0m  [["LIMIT", 1]]
  ↳ db/seeds.rb:7
  [1m[35m (0.2ms)[0m  [1m[35mBEGIN[0m
  ↳ db/seeds.rb:7
  [1m[36mEvent Load (0.7ms)[0m  [1m[34mSELECT  "events".* FROM "events" WHERE "events"."id" = $1 LIMIT $2[0m  [["id", 1], ["LIMIT", 1]]
  ↳ db/seeds.rb:7
  [1m[36mUser Load (0.4ms)[0m  [1m[34mSELECT  "users".* FROM "users" WHERE "users"."id" = $1 LIMIT $2[0m  [["id", 1], ["LIMIT", 1]]
  ↳ db/seeds.rb:7
  [1m[36mAttendance Create (0.8ms)[0m  [1m[32mINSERT INTO "attendances" ("user_id", "event_id", "created_at", "updated_at") VALUES ($1, $2, $3, $4) RETURNING "id"[0m  [["user_id", 1], ["event_id", 1], ["created_at", "2018-11-12 18:52:54.641108"], ["updated_at", "2018-11-12 18:52:54.641108"]]
  ↳ db/seeds.rb:7
  [1m[35m (1.4ms)[0m  [1m[35mCOMMIT[0m
  ↳ db/seeds.rb:7
  [1m[36mEvent Load (0.6ms)[0m  [1m[34mSELECT  "events".* FROM "events" ORDER BY "events"."id" ASC LIMIT $1[0m  [["LIMIT", 1]]
  [1m[36mEvent Load (1.1ms)[0m  [1m[34mSELECT  "events".* FROM "events" ORDER BY "events"."id" ASC LIMIT $1[0m  [["LIMIT", 1]]
  [1m[36mAttendance Load (0.5ms)[0m  [1m[34mSELECT  "attendances".* FROM "attendances" WHERE "attendances"."event_id" = $1 LIMIT $2[0m  [["event_id", 1], ["LIMIT", 11]]
  [1m[35m (0.9ms)[0m  [1m[34mSELECT "schema_migrations"."version" FROM "schema_migrations" ORDER BY "schema_migrations"."version" ASC[0m
  ↳ bin/rails:9
  [1m[35m (0.5ms)[0m  [1m[34mSELECT "ar_internal_metadata"."value" FROM "ar_internal_metadata" WHERE "ar_internal_metadata"."key" = $1[0m  [["key", "environment"]]
  ↳ bin/rails:9
  [1m[35m (0.3ms)[0m  [1m[34mSELECT "schema_migrations"."version" FROM "schema_migrations" ORDER BY "schema_migrations"."version" ASC[0m
  ↳ bin/rails:9
  [1m[35m (0.3ms)[0m  [1m[34mSELECT "ar_internal_metadata"."value" FROM "ar_internal_metadata" WHERE "ar_internal_metadata"."key" = $1[0m  [["key", "environment"]]
  ↳ bin/rails:9
  [1m[35m (0.3ms)[0m  [1m[34mSELECT "schema_migrations"."version" FROM "schema_migrations" ORDER BY "schema_migrations"."version" ASC[0m
  ↳ bin/rails:9
  [1m[35m (0.3ms)[0m  [1m[34mSELECT "ar_internal_metadata"."value" FROM "ar_internal_metadata" WHERE "ar_internal_metadata"."key" = $1[0m  [["key", "environment"]]
  ↳ bin/rails:9
  [1m[35m (221.0ms)[0m  [1m[35mDROP DATABASE IF EXISTS "SyncUpAPI_development"[0m
  ↳ bin/rails:9
  [1m[35m (214.7ms)[0m  [1m[35mDROP DATABASE IF EXISTS "SyncUpAPI_test"[0m
  ↳ bin/rails:9
  [1m[35m (519.0ms)[0m  [1m[35mCREATE DATABASE "SyncUpAPI_development" ENCODING = 'unicode'[0m
  ↳ bin/rails:9
  [1m[35m (517.0ms)[0m  [1m[35mCREATE DATABASE "SyncUpAPI_test" ENCODING = 'unicode'[0m
  ↳ bin/rails:9
  [1m[35m (9.1ms)[0m  [1m[35mCREATE TABLE "schema_migrations" ("version" character varying NOT NULL PRIMARY KEY)[0m
  ↳ bin/rails:9
  [1m[35m (7.9ms)[0m  [1m[35mCREATE TABLE "ar_internal_metadata" ("key" character varying NOT NULL PRIMARY KEY, "value" character varying, "created_at" timestamp NOT NULL, "updated_at" timestamp NOT NULL)[0m
  ↳ bin/rails:9
  [1m[35m (0.9ms)[0m  [1m[34mSELECT "schema_migrations"."version" FROM "schema_migrations" ORDER BY "schema_migrations"."version" ASC[0m
  ↳ bin/rails:9
  [1m[35m (0.3ms)[0m  [1m[34mSELECT pg_try_advisory_lock(5880313183026265305)[0m
  ↳ bin/rails:9
  [1m[35m (0.9ms)[0m  [1m[34mSELECT "schema_migrations"."version" FROM "schema_migrations" ORDER BY "schema_migrations"."version" ASC[0m
  ↳ bin/rails:9
Migrating to CreateUsers (20181112175958)
  [1m[35m (0.3ms)[0m  [1m[35mBEGIN[0m
  ↳ bin/rails:9
  [1m[35m (10.1ms)[0m  [1m[35mCREATE TABLE "users" ("id" bigserial primary key, "name" character varying, "email" character varying, "created_at" timestamp NOT NULL, "updated_at" timestamp NOT NULL)[0m
  ↳ db/migrate/20181112175958_create_users.rb:3
  [1m[36mActiveRecord::SchemaMigration Create (0.6ms)[0m  [1m[32mINSERT INTO "schema_migrations" ("version") VALUES ($1) RETURNING "version"[0m  [["version", "20181112175958"]]
  ↳ bin/rails:9
  [1m[35m (1.5ms)[0m  [1m[35mCOMMIT[0m
  ↳ bin/rails:9
Migrating to CreateAttendances (20181112180037)
  [1m[35m (0.4ms)[0m  [1m[35mBEGIN[0m
  ↳ bin/rails:9
  [1m[35m (3.6ms)[0m  [1m[35mCREATE TABLE "attendances" ("id" bigserial primary key, "user_id" integer, "event_id" integer, "created_at" timestamp NOT NULL, "updated_at" timestamp NOT NULL)[0m
  ↳ db/migrate/20181112180037_create_attendances.rb:3
  [1m[36mActiveRecord::SchemaMigration Create (0.4ms)[0m  [1m[32mINSERT INTO "schema_migrations" ("version") VALUES ($1) RETURNING "version"[0m  [["version", "20181112180037"]]
  ↳ bin/rails:9
  [1m[35m (1.3ms)[0m  [1m[35mCOMMIT[0m
  ↳ bin/rails:9
Migrating to CreateEvents (20181112180944)
  [1m[35m (0.4ms)[0m  [1m[35mBEGIN[0m
  ↳ bin/rails:9
  [1m[35m (6.9ms)[0m  [1m[35mCREATE TABLE "events" ("id" bigserial primary key, "title" character varying, "description" character varying, "date" date, "tags" text, "created_at" timestamp NOT NULL, "updated_at" timestamp NOT NULL)[0m
  ↳ db/migrate/20181112180944_create_events.rb:3
  [1m[36mActiveRecord::SchemaMigration Create (0.5ms)[0m  [1m[32mINSERT INTO "schema_migrations" ("version") VALUES ($1) RETURNING "version"[0m  [["version", "20181112180944"]]
  ↳ bin/rails:9
  [1m[35m (1.2ms)[0m  [1m[35mCOMMIT[0m
  ↳ bin/rails:9
  [1m[36mActiveRecord::InternalMetadata Load (0.5ms)[0m  [1m[34mSELECT  "ar_internal_metadata".* FROM "ar_internal_metadata" WHERE "ar_internal_metadata"."key" = $1 LIMIT $2[0m  [["key", "environment"], ["LIMIT", 1]]
  ↳ bin/rails:9
  [1m[35m (0.2ms)[0m  [1m[35mBEGIN[0m
  ↳ bin/rails:9
  [1m[36mActiveRecord::InternalMetadata Create (0.6ms)[0m  [1m[32mINSERT INTO "ar_internal_metadata" ("key", "value", "created_at", "updated_at") VALUES ($1, $2, $3, $4) RETURNING "key"[0m  [["key", "environment"], ["value", "development"], ["created_at", "2018-11-12 18:56:01.321788"], ["updated_at", "2018-11-12 18:56:01.321788"]]
  ↳ bin/rails:9
  [1m[35m (1.3ms)[0m  [1m[35mCOMMIT[0m
  ↳ bin/rails:9
  [1m[35m (0.4ms)[0m  [1m[34mSELECT pg_advisory_unlock(5880313183026265305)[0m
  ↳ bin/rails:9
  [1m[35m (0.4ms)[0m  [1m[34mSELECT "schema_migrations"."version" FROM "schema_migrations" ORDER BY "schema_migrations"."version" ASC[0m
  ↳ bin/rails:9
  [1m[35m (1.0ms)[0m  [1m[34mSELECT "schema_migrations"."version" FROM "schema_migrations" ORDER BY "schema_migrations"."version" ASC[0m
  ↳ bin/rails:9
  [1m[35m (0.2ms)[0m  [1m[35mBEGIN[0m
  ↳ db/seeds.rb:4
  [1m[36mUser Create (1.0ms)[0m  [1m[32mINSERT INTO "users" ("name", "email", "created_at", "updated_at") VALUES ($1, $2, $3, $4) RETURNING "id"[0m  [["name", "Albert"], ["email", "albert@albert.com"], ["created_at", "2018-11-12 18:56:06.959109"], ["updated_at", "2018-11-12 18:56:06.959109"]]
  ↳ db/seeds.rb:4
  [1m[35m (6.0ms)[0m  [1m[35mCOMMIT[0m
  ↳ db/seeds.rb:4
  [1m[35m (0.3ms)[0m  [1m[35mBEGIN[0m
  ↳ db/seeds.rb:5
  [1m[36mUser Create (0.8ms)[0m  [1m[32mINSERT INTO "users" ("name", "email", "created_at", "updated_at") VALUES ($1, $2, $3, $4) RETURNING "id"[0m  [["name", "Kris"], ["email", "kris@grandma.com"], ["created_at", "2018-11-12 18:56:06.969618"], ["updated_at", "2018-11-12 18:56:06.969618"]]
  ↳ db/seeds.rb:5
  [1m[35m (1.5ms)[0m  [1m[35mCOMMIT[0m
  ↳ db/seeds.rb:5
  [1m[35m (0.3ms)[0m  [1m[35mBEGIN[0m
  ↳ db/seeds.rb:6
  [1m[36mUser Create (0.7ms)[0m  [1m[32mINSERT INTO "users" ("name", "email", "created_at", "updated_at") VALUES ($1, $2, $3, $4) RETURNING "id"[0m  [["name", "Jamal"], ["email", "jama@grandma.com"], ["created_at", "2018-11-12 18:56:06.975838"], ["updated_at", "2018-11-12 18:56:06.975838"]]
  ↳ db/seeds.rb:6
  [1m[35m (1.6ms)[0m  [1m[35mCOMMIT[0m
  ↳ db/seeds.rb:6
  [1m[35m (0.3ms)[0m  [1m[35mBEGIN[0m
  ↳ db/seeds.rb:7
  [1m[36mUser Create (0.7ms)[0m  [1m[32mINSERT INTO "users" ("name", "email", "created_at", "updated_at") VALUES ($1, $2, $3, $4) RETURNING "id"[0m  [["name", "Edwin"], ["email", "edwin@grandma.com"], ["created_at", "2018-11-12 18:56:06.981981"], ["updated_at", "2018-11-12 18:56:06.981981"]]
  ↳ db/seeds.rb:7
  [1m[35m (1.4ms)[0m  [1m[35mCOMMIT[0m
  ↳ db/seeds.rb:7
  [1m[35m (0.3ms)[0m  [1m[35mBEGIN[0m
  ↳ db/seeds.rb:8
  [1m[36mUser Create (0.6ms)[0m  [1m[32mINSERT INTO "users" ("name", "email", "created_at", "updated_at") VALUES ($1, $2, $3, $4) RETURNING "id"[0m  [["name", "Stacey1"], ["email", "mega@grandma.com"], ["created_at", "2018-11-12 18:56:06.987421"], ["updated_at", "2018-11-12 18:56:06.987421"]]
  ↳ db/seeds.rb:8
  [1m[35m (1.5ms)[0m  [1m[35mCOMMIT[0m
  ↳ db/seeds.rb:8
  [1m[35m (0.3ms)[0m  [1m[35mBEGIN[0m
  ↳ db/seeds.rb:9
  [1m[36mUser Create (0.5ms)[0m  [1m[32mINSERT INTO "users" ("name", "email", "created_at", "updated_at") VALUES ($1, $2, $3, $4) RETURNING "id"[0m  [["name", "Bigfoot"], ["email", "bigfoot@grandma.com"], ["created_at", "2018-11-12 18:56:06.992751"], ["updated_at", "2018-11-12 18:56:06.992751"]]
  ↳ db/seeds.rb:9
  [1m[35m (1.3ms)[0m  [1m[35mCOMMIT[0m
  ↳ db/seeds.rb:9
  [1m[35m (0.2ms)[0m  [1m[35mBEGIN[0m
  ↳ db/seeds.rb:10
  [1m[36mEvent Create (1.0ms)[0m  [1m[32mINSERT INTO "events" ("title", "description", "date", "created_at", "updated_at") VALUES ($1, $2, $3, $4, $5) RETURNING "id"[0m  [["title", "My FUn Event"], ["description", "Come and have some fun now!"], ["date", "2018-11-15"], ["created_at", "2018-11-12 18:56:07.019982"], ["updated_at", "2018-11-12 18:56:07.019982"]]
  ↳ db/seeds.rb:10
  [1m[35m (1.3ms)[0m  [1m[35mCOMMIT[0m
  ↳ db/seeds.rb:10
  [1m[35m (0.2ms)[0m  [1m[35mBEGIN[0m
  ↳ db/seeds.rb:11
  [1m[36mEvent Load (0.5ms)[0m  [1m[34mSELECT  "events".* FROM "events" WHERE "events"."id" = $1 LIMIT $2[0m  [["id", 1], ["LIMIT", 1]]
  ↳ db/seeds.rb:11
  [1m[36mUser Load (0.4ms)[0m  [1m[34mSELECT  "users".* FROM "users" WHERE "users"."id" = $1 LIMIT $2[0m  [["id", 1], ["LIMIT", 1]]
  ↳ db/seeds.rb:11
  [1m[36mAttendance Create (0.9ms)[0m  [1m[32mINSERT INTO "attendances" ("user_id", "event_id", "created_at", "updated_at") VALUES ($1, $2, $3, $4) RETURNING "id"[0m  [["user_id", 1], ["event_id", 1], ["created_at", "2018-11-12 18:56:07.051384"], ["updated_at", "2018-11-12 18:56:07.051384"]]
  ↳ db/seeds.rb:11
  [1m[35m (1.3ms)[0m  [1m[35mCOMMIT[0m
  ↳ db/seeds.rb:11
  [1m[35m (0.2ms)[0m  [1m[35mBEGIN[0m
  ↳ db/seeds.rb:12
  [1m[36mEvent Load (0.4ms)[0m  [1m[34mSELECT  "events".* FROM "events" WHERE "events"."id" = $1 LIMIT $2[0m  [["id", 1], ["LIMIT", 1]]
  ↳ db/seeds.rb:12
  [1m[36mUser Load (0.3ms)[0m  [1m[34mSELECT  "users".* FROM "users" WHERE "users"."id" = $1 LIMIT $2[0m  [["id", 2], ["LIMIT", 1]]
  ↳ db/seeds.rb:12
  [1m[36mAttendance Create (0.4ms)[0m  [1m[32mINSERT INTO "attendances" ("user_id", "event_id", "created_at", "updated_at") VALUES ($1, $2, $3, $4) RETURNING "id"[0m  [["user_id", 2], ["event_id", 1], ["created_at", "2018-11-12 18:56:07.058660"], ["updated_at", "2018-11-12 18:56:07.058660"]]
  ↳ db/seeds.rb:12
  [1m[35m (1.5ms)[0m  [1m[35mCOMMIT[0m
  ↳ db/seeds.rb:12
  [1m[35m (0.2ms)[0m  [1m[35mBEGIN[0m
  ↳ db/seeds.rb:13
  [1m[36mEvent Load (0.4ms)[0m  [1m[34mSELECT  "events".* FROM "events" WHERE "events"."id" = $1 LIMIT $2[0m  [["id", 1], ["LIMIT", 1]]
  ↳ db/seeds.rb:13
  [1m[36mUser Load (0.4ms)[0m  [1m[34mSELECT  "users".* FROM "users" WHERE "users"."id" = $1 LIMIT $2[0m  [["id", 3], ["LIMIT", 1]]
  ↳ db/seeds.rb:13
  [1m[36mAttendance Create (0.4ms)[0m  [1m[32mINSERT INTO "attendances" ("user_id", "event_id", "created_at", "updated_at") VALUES ($1, $2, $3, $4) RETURNING "id"[0m  [["user_id", 3], ["event_id", 1], ["created_at", "2018-11-12 18:56:07.065365"], ["updated_at", "2018-11-12 18:56:07.065365"]]
  ↳ db/seeds.rb:13
  [1m[35m (1.3ms)[0m  [1m[35mCOMMIT[0m
  ↳ db/seeds.rb:13
  [1m[35m (0.2ms)[0m  [1m[35mBEGIN[0m
  ↳ db/seeds.rb:14
  [1m[36mEvent Load (0.4ms)[0m  [1m[34mSELECT  "events".* FROM "events" WHERE "events"."id" = $1 LIMIT $2[0m  [["id", 1], ["LIMIT", 1]]
  ↳ db/seeds.rb:14
  [1m[36mUser Load (0.3ms)[0m  [1m[34mSELECT  "users".* FROM "users" WHERE "users"."id" = $1 LIMIT $2[0m  [["id", 4], ["LIMIT", 1]]
  ↳ db/seeds.rb:14
  [1m[36mAttendance Create (0.5ms)[0m  [1m[32mINSERT INTO "attendances" ("user_id", "event_id", "created_at", "updated_at") VALUES ($1, $2, $3, $4) RETURNING "id"[0m  [["user_id", 4], ["event_id", 1], ["created_at", "2018-11-12 18:56:07.071735"], ["updated_at", "2018-11-12 18:56:07.071735"]]
  ↳ db/seeds.rb:14
  [1m[35m (1.4ms)[0m  [1m[35mCOMMIT[0m
  ↳ db/seeds.rb:14
  [1m[35m (0.2ms)[0m  [1m[35mBEGIN[0m
  ↳ db/seeds.rb:15
  [1m[36mEvent Load (0.4ms)[0m  [1m[34mSELECT  "events".* FROM "events" WHERE "events"."id" = $1 LIMIT $2[0m  [["id", 1], ["LIMIT", 1]]
  ↳ db/seeds.rb:15
  [1m[36mUser Load (0.3ms)[0m  [1m[34mSELECT  "users".* FROM "users" WHERE "users"."id" = $1 LIMIT $2[0m  [["id", 5], ["LIMIT", 1]]
  ↳ db/seeds.rb:15
  [1m[36mAttendance Create (0.4ms)[0m  [1m[32mINSERT INTO "attendances" ("user_id", "event_id", "created_at", "updated_at") VALUES ($1, $2, $3, $4) RETURNING "id"[0m  [["user_id", 5], ["event_id", 1], ["created_at", "2018-11-12 18:56:07.078567"], ["updated_at", "2018-11-12 18:56:07.078567"]]
  ↳ db/seeds.rb:15
  [1m[35m (1.2ms)[0m  [1m[35mCOMMIT[0m
  ↳ db/seeds.rb:15
  [1m[35m (0.2ms)[0m  [1m[35mBEGIN[0m
  ↳ db/seeds.rb:16
  [1m[36mEvent Load (0.4ms)[0m  [1m[34mSELECT  "events".* FROM "events" WHERE "events"."id" = $1 LIMIT $2[0m  [["id", 1], ["LIMIT", 1]]
  ↳ db/seeds.rb:16
  [1m[36mUser Load (0.4ms)[0m  [1m[34mSELECT  "users".* FROM "users" WHERE "users"."id" = $1 LIMIT $2[0m  [["id", 6], ["LIMIT", 1]]
  ↳ db/seeds.rb:16
  [1m[36mAttendance Create (0.5ms)[0m  [1m[32mINSERT INTO "attendances" ("user_id", "event_id", "created_at", "updated_at") VALUES ($1, $2, $3, $4) RETURNING "id"[0m  [["user_id", 6], ["event_id", 1], ["created_at", "2018-11-12 18:56:07.084775"], ["updated_at", "2018-11-12 18:56:07.084775"]]
  ↳ db/seeds.rb:16
  [1m[35m (1.4ms)[0m  [1m[35mCOMMIT[0m
  ↳ db/seeds.rb:16
  [1m[36mEvent Load (0.6ms)[0m  [1m[34mSELECT  "events".* FROM "events" ORDER BY "events"."id" ASC LIMIT $1[0m  [["LIMIT", 1]]
  [1m[36mAttendance Load (0.5ms)[0m  [1m[34mSELECT  "attendances".* FROM "attendances" WHERE "attendances"."event_id" = $1 LIMIT $2[0m  [["event_id", 1], ["LIMIT", 11]]
Started GET "/api/v1/events.json" for 127.0.0.1 at 2018-11-12 13:57:21 -0500
  [1m[35m (0.9ms)[0m  [1m[34mSELECT "schema_migrations"."version" FROM "schema_migrations" ORDER BY "schema_migrations"."version" ASC[0m
  ↳ /Users/kristopherbullinger/.rvm/gems/ruby-2.3.3/gems/activerecord-5.2.1/lib/active_record/log_subscriber.rb:98
  
ActionController::RoutingError (undefined method `v1' for Api:Module):
  
app/controllers/api/v1/events_controller.rb:1:in `<main>'
Started GET "/api/v1/events" for 127.0.0.1 at 2018-11-12 13:57:37 -0500
  
ActionController::RoutingError (undefined method `v1' for Api:Module):
  
app/controllers/api/v1/events_controller.rb:1:in `<main>'
Started GET "/api/v1/events" for 127.0.0.1 at 2018-11-12 14:01:56 -0500
  
ActionController::RoutingError (undefined method `v1' for Api:Module):
  
app/controllers/api/v1/events_controller.rb:1:in `<main>'
Started GET "/api/v1/events" for 127.0.0.1 at 2018-11-12 14:02:00 -0500
  
ActionController::RoutingError (undefined method `v1' for Api:Module):
  
app/controllers/api/v1/events_controller.rb:1:in `<main>'
Started GET "/api/v1/events" for 127.0.0.1 at 2018-11-12 14:02:36 -0500
Processing by Api::V1::EventsController#index as HTML
  [1m[36mEvent Load (1.9ms)[0m  [1m[34mSELECT  "events".* FROM "events" LIMIT $1[0m  [["LIMIT", 11]]
  ↳ app/controllers/api/v1/events_controller.rb:6
  [1m[36mEvent Load (1.9ms)[0m  [1m[34mSELECT  "events".* FROM "events" ORDER BY "events"."id" ASC LIMIT $1[0m  [["LIMIT", 1]]
  ↳ (byebug):1
  [1m[36mAttendance Load (0.6ms)[0m  [1m[34mSELECT  "attendances".* FROM "attendances" WHERE "attendances"."event_id" = $1 LIMIT $2[0m  [["event_id", 1], ["LIMIT", 11]]
  ↳ app/controllers/api/v1/events_controller.rb:6
  [1m[36mCACHE Event Load (0.0ms)[0m  [1m[34mSELECT  "events".* FROM "events" LIMIT $1[0m  [["LIMIT", 11]]
  ↳ /Users/kristopherbullinger/.rvm/gems/ruby-2.3.3@global/gems/did_you_mean-1.0.0/lib/did_you_mean/core_ext/name_error.rb:10
  [1m[36mCACHE Event Load (0.0ms)[0m  [1m[34mSELECT  "events".* FROM "events" LIMIT $1[0m  [["LIMIT", 11]]
  ↳ /Users/kristopherbullinger/.rvm/gems/ruby-2.3.3@global/gems/did_you_mean-1.0.0/lib/did_you_mean/core_ext/name_error.rb:6
  [1m[36mEvent Load (1.5ms)[0m  [1m[34mSELECT "events".* FROM "events"[0m
  ↳ app/controllers/api/v1/events_controller.rb:6
  [1m[36mAttendance Load (0.5ms)[0m  [1m[34mSELECT "attendances".* FROM "attendances" WHERE "attendances"."event_id" = $1[0m  [["event_id", 1]]
  ↳ app/controllers/api/v1/events_controller.rb:6
  [1m[35m (0.3ms)[0m  [1m[35mBEGIN[0m
  ↳ app/controllers/api/v1/events_controller.rb:6
  [1m[36mAttendance Update All (0.8ms)[0m  [1m[33mUPDATE "attendances" SET "event_id" = NULL WHERE "attendances"."event_id" = $1 AND "attendances"."id" IN ($2, $3, $4, $5, $6, $7)[0m  [["event_id", 1], ["id", 1], ["id", 2], ["id", 3], ["id", 4], ["id", 5], ["id", 6]]
  ↳ app/controllers/api/v1/events_controller.rb:6
  [1m[35m (6.0ms)[0m  [1m[35mCOMMIT[0m
  ↳ app/controllers/api/v1/events_controller.rb:6
Completed 204 No Content in 130682ms (ActiveRecord: 30.4ms)


Started GET "/api/v1/events" for 127.0.0.1 at 2018-11-12 14:04:53 -0500
Processing by Api::V1::EventsController#index as HTML
  [1m[36mEvent Load (1.5ms)[0m  [1m[34mSELECT  "events".* FROM "events" LIMIT $1[0m  [["LIMIT", 11]]
  ↳ app/controllers/api/v1/events_controller.rb:6
  [1m[36mEvent Load (2.1ms)[0m  [1m[34mSELECT  "events".* FROM "events" ORDER BY "events"."id" ASC LIMIT $1[0m  [["LIMIT", 1]]
  ↳ (byebug):1
  [1m[36mAttendance Load (0.4ms)[0m  [1m[34mSELECT "attendances".* FROM "attendances" WHERE "attendances"."event_id" = $1[0m  [["event_id", 1]]
  ↳ (byebug):1
  [1m[36mCACHE Event Load (0.1ms)[0m  [1m[34mSELECT  "events".* FROM "events" ORDER BY "events"."id" ASC LIMIT $1[0m  [["LIMIT", 1]]
  ↳ (byebug):1
  [1m[36mCACHE Event Load (0.0ms)[0m  [1m[34mSELECT  "events".* FROM "events" ORDER BY "events"."id" ASC LIMIT $1[0m  [["LIMIT", 1]]
  ↳ (byebug):1
  [1m[36mAttendance Load (0.7ms)[0m  [1m[34mSELECT  "attendances".* FROM "attendances" WHERE "attendances"."event_id" = $1 ORDER BY "attendances"."id" ASC LIMIT $2[0m  [["event_id", 1], ["LIMIT", 1]]
  ↳ (byebug):1
  [1m[36mEvent Load (7.7ms)[0m  [1m[34mSELECT "events".* FROM "events"[0m
  ↳ app/controllers/api/v1/events_controller.rb:6
  [1m[36mCACHE Attendance Load (0.0ms)[0m  [1m[34mSELECT "attendances".* FROM "attendances" WHERE "attendances"."event_id" = $1[0m  [["event_id", 1]]
  ↳ app/controllers/api/v1/events_controller.rb:7
Completed 204 No Content in 119819ms (ActiveRecord: 33.8ms)


Started GET "/api/v1/events" for 127.0.0.1 at 2018-11-12 14:07:29 -0500
  [1m[35m (1.1ms)[0m  [1m[34mSELECT "schema_migrations"."version" FROM "schema_migrations" ORDER BY "schema_migrations"."version" ASC[0m
  ↳ /Users/kristopherbullinger/.rvm/gems/ruby-2.3.3/gems/activerecord-5.2.1/lib/active_record/log_subscriber.rb:98
Processing by Api::V1::EventsController#index as HTML
  [1m[36mEvent Load (0.6ms)[0m  [1m[34mSELECT  "events".* FROM "events" LIMIT $1[0m  [["LIMIT", 11]]
  ↳ app/controllers/api/v1/events_controller.rb:6
  [1m[36mEvent Load (1.3ms)[0m  [1m[34mSELECT "events".* FROM "events"[0m
  ↳ (byebug):1
  [1m[36mUser Load (0.9ms)[0m  [1m[34mSELECT  "users".* FROM "users" INNER JOIN "attendances" ON "users"."id" = "attendances"."user_id" WHERE "attendances"."event_id" = $1 LIMIT $2[0m  [["event_id", 1], ["LIMIT", 11]]
  ↳ app/controllers/api/v1/events_controller.rb:6
  [1m[36mAttendance Load (0.4ms)[0m  [1m[34mSELECT  "attendances".* FROM "attendances" LIMIT $1[0m  [["LIMIT", 11]]
  ↳ app/controllers/api/v1/events_controller.rb:6
  [1m[35m (2.2ms)[0m  [1m[35mBEGIN[0m
  ↳ (byebug):1
  [1m[36mEvent Create (0.9ms)[0m  [1m[32mINSERT INTO "events" ("title", "description", "date", "created_at", "updated_at") VALUES ($1, $2, $3, $4, $5) RETURNING "id"[0m  [["title", "My FUn Event"], ["description", "Come and have some fun now!"], ["date", "2018-11-15"], ["created_at", "2018-11-12 19:08:32.522573"], ["updated_at", "2018-11-12 19:08:32.522573"]]
  ↳ (byebug):1
  [1m[35m (1.6ms)[0m  [1m[35mCOMMIT[0m
  ↳ (byebug):1
  [1m[35m (0.2ms)[0m  [1m[35mBEGIN[0m
  ↳ (byebug):1
  [1m[36mEvent Create (0.5ms)[0m  [1m[32mINSERT INTO "events" ("title", "description", "date", "created_at", "updated_at") VALUES ($1, $2, $3, $4, $5) RETURNING "id"[0m  [["title", "My FUn Event"], ["description", "Come and have some fun now!"], ["date", "2018-11-15"], ["created_at", "2018-11-12 19:08:33.133042"], ["updated_at", "2018-11-12 19:08:33.133042"]]
  ↳ (byebug):1
  [1m[35m (1.2ms)[0m  [1m[35mCOMMIT[0m
  ↳ (byebug):1
  [1m[35m (0.8ms)[0m  [1m[35mBEGIN[0m
  ↳ (byebug):1
  [1m[36mEvent Create (0.6ms)[0m  [1m[32mINSERT INTO "events" ("title", "description", "date", "created_at", "updated_at") VALUES ($1, $2, $3, $4, $5) RETURNING "id"[0m  [["title", "My FUn Event"], ["description", "Come and have some fun now!"], ["date", "2018-11-15"], ["created_at", "2018-11-12 19:08:39.106590"], ["updated_at", "2018-11-12 19:08:39.106590"]]
  ↳ (byebug):1
  [1m[35m (1.6ms)[0m  [1m[35mCOMMIT[0m
  ↳ (byebug):1
  [1m[35m (0.3ms)[0m  [1m[35mBEGIN[0m
  ↳ (byebug):1
  [1m[36mEvent Create (1.1ms)[0m  [1m[32mINSERT INTO "events" ("title", "description", "date", "created_at", "updated_at") VALUES ($1, $2, $3, $4, $5) RETURNING "id"[0m  [["title", "My FUn Event"], ["description", "Come and have some fun now!"], ["date", "2018-11-15"], ["created_at", "2018-11-12 19:08:40.088581"], ["updated_at", "2018-11-12 19:08:40.088581"]]
  ↳ (byebug):1
  [1m[35m (1.8ms)[0m  [1m[35mCOMMIT[0m
  ↳ (byebug):1
  [1m[35m (1.4ms)[0m  [1m[35mBEGIN[0m
  ↳ (byebug):1
  [1m[36mEvent Create (0.9ms)[0m  [1m[32mINSERT INTO "events" ("title", "description", "date", "created_at", "updated_at") VALUES ($1, $2, $3, $4, $5) RETURNING "id"[0m  [["title", "My FUn Event"], ["description", "Come and have some fun now!"], ["date", "2018-11-15"], ["created_at", "2018-11-12 19:08:40.691899"], ["updated_at", "2018-11-12 19:08:40.691899"]]
  ↳ (byebug):1
  [1m[35m (1.4ms)[0m  [1m[35mCOMMIT[0m
  ↳ (byebug):1
  [1m[36mEvent Load (0.5ms)[0m  [1m[34mSELECT  "events".* FROM "events" ORDER BY "events"."id" ASC LIMIT $1[0m  [["LIMIT", 1]]
  ↳ (byebug):1
Completed 500 Internal Server Error in 81573ms (ActiveRecord: 41.6ms)


  
SystemExit (exit):
  
(byebug):1:in `exit'
(byebug):1:in `index'
app/controllers/api/v1/events_controller.rb:6:in `index'
  [1m[35m (1.0ms)[0m  [1m[34mSELECT "schema_migrations"."version" FROM "schema_migrations" ORDER BY "schema_migrations"."version" ASC[0m
  ↳ bin/rails:9
  [1m[35m (0.5ms)[0m  [1m[34mSELECT "ar_internal_metadata"."value" FROM "ar_internal_metadata" WHERE "ar_internal_metadata"."key" = $1[0m  [["key", "environment"]]
  ↳ bin/rails:9
  [1m[35m (0.3ms)[0m  [1m[34mSELECT "schema_migrations"."version" FROM "schema_migrations" ORDER BY "schema_migrations"."version" ASC[0m
  ↳ bin/rails:9
  [1m[35m (0.3ms)[0m  [1m[34mSELECT "ar_internal_metadata"."value" FROM "ar_internal_metadata" WHERE "ar_internal_metadata"."key" = $1[0m  [["key", "environment"]]
  ↳ bin/rails:9
  [1m[35m (0.3ms)[0m  [1m[34mSELECT "schema_migrations"."version" FROM "schema_migrations" ORDER BY "schema_migrations"."version" ASC[0m
  ↳ bin/rails:9
  [1m[35m (0.3ms)[0m  [1m[34mSELECT "ar_internal_metadata"."value" FROM "ar_internal_metadata" WHERE "ar_internal_metadata"."key" = $1[0m  [["key", "environment"]]
  ↳ bin/rails:9
  [1m[35m (8616.3ms)[0m  [1m[35mDROP DATABASE IF EXISTS "SyncUpAPI_development"[0m
  ↳ bin/rails:9
  [1m[35m (1.1ms)[0m  [1m[34mSELECT "schema_migrations"."version" FROM "schema_migrations" ORDER BY "schema_migrations"."version" ASC[0m
  ↳ bin/rails:9
  [1m[35m (0.5ms)[0m  [1m[34mSELECT "ar_internal_metadata"."value" FROM "ar_internal_metadata" WHERE "ar_internal_metadata"."key" = $1[0m  [["key", "environment"]]
  ↳ bin/rails:9
  [1m[35m (0.4ms)[0m  [1m[34mSELECT "schema_migrations"."version" FROM "schema_migrations" ORDER BY "schema_migrations"."version" ASC[0m
  ↳ bin/rails:9
  [1m[35m (0.4ms)[0m  [1m[34mSELECT "ar_internal_metadata"."value" FROM "ar_internal_metadata" WHERE "ar_internal_metadata"."key" = $1[0m  [["key", "environment"]]
  ↳ bin/rails:9
  [1m[35m (0.4ms)[0m  [1m[34mSELECT "schema_migrations"."version" FROM "schema_migrations" ORDER BY "schema_migrations"."version" ASC[0m
  ↳ bin/rails:9
  [1m[35m (0.3ms)[0m  [1m[34mSELECT "ar_internal_metadata"."value" FROM "ar_internal_metadata" WHERE "ar_internal_metadata"."key" = $1[0m  [["key", "environment"]]
  ↳ bin/rails:9
  [1m[35m (225.6ms)[0m  [1m[35mDROP DATABASE IF EXISTS "SyncUpAPI_development"[0m
  ↳ bin/rails:9
  [1m[35m (244.6ms)[0m  [1m[35mDROP DATABASE IF EXISTS "SyncUpAPI_test"[0m
  ↳ bin/rails:9
  [1m[35m (499.8ms)[0m  [1m[35mCREATE DATABASE "SyncUpAPI_development" ENCODING = 'unicode'[0m
  ↳ bin/rails:9
  [1m[35m (476.4ms)[0m  [1m[35mCREATE DATABASE "SyncUpAPI_test" ENCODING = 'unicode'[0m
  ↳ bin/rails:9
  [1m[35m (9.2ms)[0m  [1m[35mCREATE TABLE "schema_migrations" ("version" character varying NOT NULL PRIMARY KEY)[0m
  ↳ bin/rails:9
  [1m[35m (7.3ms)[0m  [1m[35mCREATE TABLE "ar_internal_metadata" ("key" character varying NOT NULL PRIMARY KEY, "value" character varying, "created_at" timestamp NOT NULL, "updated_at" timestamp NOT NULL)[0m
  ↳ bin/rails:9
  [1m[35m (0.3ms)[0m  [1m[34mSELECT pg_try_advisory_lock(5880313183026265305)[0m
  ↳ bin/rails:9
  [1m[35m (0.9ms)[0m  [1m[34mSELECT "schema_migrations"."version" FROM "schema_migrations" ORDER BY "schema_migrations"."version" ASC[0m
  ↳ bin/rails:9
Migrating to CreateUsers (20181112175958)
  [1m[35m (0.2ms)[0m  [1m[35mBEGIN[0m
  ↳ bin/rails:9
  [1m[35m (7.2ms)[0m  [1m[35mCREATE TABLE "users" ("id" bigserial primary key, "name" character varying, "email" character varying, "created_at" timestamp NOT NULL, "updated_at" timestamp NOT NULL)[0m
  ↳ db/migrate/20181112175958_create_users.rb:3
  [1m[36mActiveRecord::SchemaMigration Create (0.7ms)[0m  [1m[32mINSERT INTO "schema_migrations" ("version") VALUES ($1) RETURNING "version"[0m  [["version", "20181112175958"]]
  ↳ bin/rails:9
  [1m[35m (1.4ms)[0m  [1m[35mCOMMIT[0m
  ↳ bin/rails:9
Migrating to CreateAttendances (20181112180037)
  [1m[35m (0.3ms)[0m  [1m[35mBEGIN[0m
  ↳ bin/rails:9
  [1m[35m (3.9ms)[0m  [1m[35mCREATE TABLE "attendances" ("id" bigserial primary key, "user_id" integer, "event_id" integer, "created_at" timestamp NOT NULL, "updated_at" timestamp NOT NULL)[0m
  ↳ db/migrate/20181112180037_create_attendances.rb:3
  [1m[36mActiveRecord::SchemaMigration Create (0.5ms)[0m  [1m[32mINSERT INTO "schema_migrations" ("version") VALUES ($1) RETURNING "version"[0m  [["version", "20181112180037"]]
  ↳ bin/rails:9
  [1m[35m (1.5ms)[0m  [1m[35mCOMMIT[0m
  ↳ bin/rails:9
Migrating to CreateEvents (20181112180944)
  [1m[35m (0.4ms)[0m  [1m[35mBEGIN[0m
  ↳ bin/rails:9
  [1m[35m (6.9ms)[0m  [1m[35mCREATE TABLE "events" ("id" bigserial primary key, "title" character varying, "description" character varying, "date" date, "tags" text, "created_at" timestamp NOT NULL, "updated_at" timestamp NOT NULL)[0m
  ↳ db/migrate/20181112180944_create_events.rb:3
  [1m[36mActiveRecord::SchemaMigration Create (0.5ms)[0m  [1m[32mINSERT INTO "schema_migrations" ("version") VALUES ($1) RETURNING "version"[0m  [["version", "20181112180944"]]
  ↳ bin/rails:9
  [1m[35m (1.6ms)[0m  [1m[35mCOMMIT[0m
  ↳ bin/rails:9
  [1m[36mActiveRecord::InternalMetadata Load (0.5ms)[0m  [1m[34mSELECT  "ar_internal_metadata".* FROM "ar_internal_metadata" WHERE "ar_internal_metadata"."key" = $1 LIMIT $2[0m  [["key", "environment"], ["LIMIT", 1]]
  ↳ bin/rails:9
  [1m[35m (0.2ms)[0m  [1m[35mBEGIN[0m
  ↳ bin/rails:9
  [1m[36mActiveRecord::InternalMetadata Create (0.7ms)[0m  [1m[32mINSERT INTO "ar_internal_metadata" ("key", "value", "created_at", "updated_at") VALUES ($1, $2, $3, $4) RETURNING "key"[0m  [["key", "environment"], ["value", "development"], ["created_at", "2018-11-12 19:09:49.543651"], ["updated_at", "2018-11-12 19:09:49.543651"]]
  ↳ bin/rails:9
  [1m[35m (1.4ms)[0m  [1m[35mCOMMIT[0m
  ↳ bin/rails:9
  [1m[35m (0.4ms)[0m  [1m[34mSELECT pg_advisory_unlock(5880313183026265305)[0m
  ↳ bin/rails:9
  [1m[35m (0.5ms)[0m  [1m[34mSELECT "schema_migrations"."version" FROM "schema_migrations" ORDER BY "schema_migrations"."version" ASC[0m
  ↳ bin/rails:9
  [1m[35m (1.0ms)[0m  [1m[34mSELECT "schema_migrations"."version" FROM "schema_migrations" ORDER BY "schema_migrations"."version" ASC[0m
  ↳ bin/rails:9
  [1m[35m (0.2ms)[0m  [1m[35mBEGIN[0m
  ↳ db/seeds.rb:4
  [1m[36mUser Create (1.3ms)[0m  [1m[32mINSERT INTO "users" ("name", "email", "created_at", "updated_at") VALUES ($1, $2, $3, $4) RETURNING "id"[0m  [["name", "Albert"], ["email", "albert@albert.com"], ["created_at", "2018-11-12 19:09:53.029291"], ["updated_at", "2018-11-12 19:09:53.029291"]]
  ↳ db/seeds.rb:4
  [1m[35m (1.1ms)[0m  [1m[35mCOMMIT[0m
  ↳ db/seeds.rb:4
  [1m[35m (0.2ms)[0m  [1m[35mBEGIN[0m
  ↳ db/seeds.rb:5
  [1m[36mUser Create (0.4ms)[0m  [1m[32mINSERT INTO "users" ("name", "email", "created_at", "updated_at") VALUES ($1, $2, $3, $4) RETURNING "id"[0m  [["name", "Kris"], ["email", "kris@grandma.com"], ["created_at", "2018-11-12 19:09:53.034323"], ["updated_at", "2018-11-12 19:09:53.034323"]]
  ↳ db/seeds.rb:5
  [1m[35m (1.4ms)[0m  [1m[35mCOMMIT[0m
  ↳ db/seeds.rb:5
  [1m[35m (0.2ms)[0m  [1m[35mBEGIN[0m
  ↳ db/seeds.rb:6
  [1m[36mUser Create (0.4ms)[0m  [1m[32mINSERT INTO "users" ("name", "email", "created_at", "updated_at") VALUES ($1, $2, $3, $4) RETURNING "id"[0m  [["name", "Jamal"], ["email", "jama@grandma.com"], ["created_at", "2018-11-12 19:09:53.038481"], ["updated_at", "2018-11-12 19:09:53.038481"]]
  ↳ db/seeds.rb:6
  [1m[35m (1.3ms)[0m  [1m[35mCOMMIT[0m
  ↳ db/seeds.rb:6
  [1m[35m (0.2ms)[0m  [1m[35mBEGIN[0m
  ↳ db/seeds.rb:7
  [1m[36mUser Create (0.4ms)[0m  [1m[32mINSERT INTO "users" ("name", "email", "created_at", "updated_at") VALUES ($1, $2, $3, $4) RETURNING "id"[0m  [["name", "Edwin"], ["email", "edwin@grandma.com"], ["created_at", "2018-11-12 19:09:53.042480"], ["updated_at", "2018-11-12 19:09:53.042480"]]
  ↳ db/seeds.rb:7
  [1m[35m (1.3ms)[0m  [1m[35mCOMMIT[0m
  ↳ db/seeds.rb:7
  [1m[35m (0.2ms)[0m  [1m[35mBEGIN[0m
  ↳ db/seeds.rb:8
  [1m[36mUser Create (0.4ms)[0m  [1m[32mINSERT INTO "users" ("name", "email", "created_at", "updated_at") VALUES ($1, $2, $3, $4) RETURNING "id"[0m  [["name", "Stacey1"], ["email", "mega@grandma.com"], ["created_at", "2018-11-12 19:09:53.046266"], ["updated_at", "2018-11-12 19:09:53.046266"]]
  ↳ db/seeds.rb:8
  [1m[35m (1.3ms)[0m  [1m[35mCOMMIT[0m
  ↳ db/seeds.rb:8
  [1m[35m (0.2ms)[0m  [1m[35mBEGIN[0m
  ↳ db/seeds.rb:9
  [1m[36mUser Create (0.4ms)[0m  [1m[32mINSERT INTO "users" ("name", "email", "created_at", "updated_at") VALUES ($1, $2, $3, $4) RETURNING "id"[0m  [["name", "Bigfoot"], ["email", "bigfoot@grandma.com"], ["created_at", "2018-11-12 19:09:53.050083"], ["updated_at", "2018-11-12 19:09:53.050083"]]
  ↳ db/seeds.rb:9
  [1m[35m (1.4ms)[0m  [1m[35mCOMMIT[0m
  ↳ db/seeds.rb:9
  [1m[35m (0.2ms)[0m  [1m[35mBEGIN[0m
  ↳ db/seeds.rb:10
  [1m[36mEvent Create (0.8ms)[0m  [1m[32mINSERT INTO "events" ("title", "description", "date", "created_at", "updated_at") VALUES ($1, $2, $3, $4, $5) RETURNING "id"[0m  [["title", "My FUn Event"], ["description", "Come and have some fun now!"], ["date", "2018-11-15"], ["created_at", "2018-11-12 19:09:53.074511"], ["updated_at", "2018-11-12 19:09:53.074511"]]
  ↳ db/seeds.rb:10
  [1m[35m (1.3ms)[0m  [1m[35mCOMMIT[0m
  ↳ db/seeds.rb:10
  [1m[35m (0.2ms)[0m  [1m[35mBEGIN[0m
  ↳ db/seeds.rb:11
  [1m[36mEvent Load (0.4ms)[0m  [1m[34mSELECT  "events".* FROM "events" WHERE "events"."id" = $1 LIMIT $2[0m  [["id", 1], ["LIMIT", 1]]
  ↳ db/seeds.rb:11
  [1m[36mUser Load (0.4ms)[0m  [1m[34mSELECT  "users".* FROM "users" WHERE "users"."id" = $1 LIMIT $2[0m  [["id", 1], ["LIMIT", 1]]
  ↳ db/seeds.rb:11
  [1m[36mAttendance Create (0.8ms)[0m  [1m[32mINSERT INTO "attendances" ("user_id", "event_id", "created_at", "updated_at") VALUES ($1, $2, $3, $4) RETURNING "id"[0m  [["user_id", 1], ["event_id", 1], ["created_at", "2018-11-12 19:09:53.104976"], ["updated_at", "2018-11-12 19:09:53.104976"]]
  ↳ db/seeds.rb:11
  [1m[35m (1.4ms)[0m  [1m[35mCOMMIT[0m
  ↳ db/seeds.rb:11
  [1m[35m (0.2ms)[0m  [1m[35mBEGIN[0m
  ↳ db/seeds.rb:12
  [1m[36mEvent Load (0.3ms)[0m  [1m[34mSELECT  "events".* FROM "events" WHERE "events"."id" = $1 LIMIT $2[0m  [["id", 1], ["LIMIT", 1]]
  ↳ db/seeds.rb:12
  [1m[36mUser Load (0.3ms)[0m  [1m[34mSELECT  "users".* FROM "users" WHERE "users"."id" = $1 LIMIT $2[0m  [["id", 2], ["LIMIT", 1]]
  ↳ db/seeds.rb:12
  [1m[36mAttendance Create (0.4ms)[0m  [1m[32mINSERT INTO "attendances" ("user_id", "event_id", "created_at", "updated_at") VALUES ($1, $2, $3, $4) RETURNING "id"[0m  [["user_id", 2], ["event_id", 1], ["created_at", "2018-11-12 19:09:53.111761"], ["updated_at", "2018-11-12 19:09:53.111761"]]
  ↳ db/seeds.rb:12
  [1m[35m (1.6ms)[0m  [1m[35mCOMMIT[0m
  ↳ db/seeds.rb:12
  [1m[35m (0.2ms)[0m  [1m[35mBEGIN[0m
  ↳ db/seeds.rb:13
  [1m[36mEvent Load (0.4ms)[0m  [1m[34mSELECT  "events".* FROM "events" WHERE "events"."id" = $1 LIMIT $2[0m  [["id", 1], ["LIMIT", 1]]
  ↳ db/seeds.rb:13
  [1m[36mUser Load (0.4ms)[0m  [1m[34mSELECT  "users".* FROM "users" WHERE "users"."id" = $1 LIMIT $2[0m  [["id", 3], ["LIMIT", 1]]
  ↳ db/seeds.rb:13
  [1m[36mAttendance Create (0.4ms)[0m  [1m[32mINSERT INTO "attendances" ("user_id", "event_id", "created_at", "updated_at") VALUES ($1, $2, $3, $4) RETURNING "id"[0m  [["user_id", 3], ["event_id", 1], ["created_at", "2018-11-12 19:09:53.118695"], ["updated_at", "2018-11-12 19:09:53.118695"]]
  ↳ db/seeds.rb:13
  [1m[35m (1.3ms)[0m  [1m[35mCOMMIT[0m
  ↳ db/seeds.rb:13
  [1m[35m (0.2ms)[0m  [1m[35mBEGIN[0m
  ↳ db/seeds.rb:14
  [1m[36mEvent Load (0.3ms)[0m  [1m[34mSELECT  "events".* FROM "events" WHERE "events"."id" = $1 LIMIT $2[0m  [["id", 1], ["LIMIT", 1]]
  ↳ db/seeds.rb:14
  [1m[36mUser Load (0.4ms)[0m  [1m[34mSELECT  "users".* FROM "users" WHERE "users"."id" = $1 LIMIT $2[0m  [["id", 4], ["LIMIT", 1]]
  ↳ db/seeds.rb:14
  [1m[36mAttendance Create (0.4ms)[0m  [1m[32mINSERT INTO "attendances" ("user_id", "event_id", "created_at", "updated_at") VALUES ($1, $2, $3, $4) RETURNING "id"[0m  [["user_id", 4], ["event_id", 1], ["created_at", "2018-11-12 19:09:53.125048"], ["updated_at", "2018-11-12 19:09:53.125048"]]
  ↳ db/seeds.rb:14
  [1m[35m (1.5ms)[0m  [1m[35mCOMMIT[0m
  ↳ db/seeds.rb:14
  [1m[35m (0.2ms)[0m  [1m[35mBEGIN[0m
  ↳ db/seeds.rb:15
  [1m[36mEvent Load (0.6ms)[0m  [1m[34mSELECT  "events".* FROM "events" WHERE "events"."id" = $1 LIMIT $2[0m  [["id", 1], ["LIMIT", 1]]
  ↳ db/seeds.rb:15
  [1m[36mUser Load (0.4ms)[0m  [1m[34mSELECT  "users".* FROM "users" WHERE "users"."id" = $1 LIMIT $2[0m  [["id", 5], ["LIMIT", 1]]
  ↳ db/seeds.rb:15
  [1m[36mAttendance Create (0.5ms)[0m  [1m[32mINSERT INTO "attendances" ("user_id", "event_id", "created_at", "updated_at") VALUES ($1, $2, $3, $4) RETURNING "id"[0m  [["user_id", 5], ["event_id", 1], ["created_at", "2018-11-12 19:09:53.132229"], ["updated_at", "2018-11-12 19:09:53.132229"]]
  ↳ db/seeds.rb:15
  [1m[35m (1.4ms)[0m  [1m[35mCOMMIT[0m
  ↳ db/seeds.rb:15
  [1m[35m (0.2ms)[0m  [1m[35mBEGIN[0m
  ↳ db/seeds.rb:16
  [1m[36mEvent Load (0.5ms)[0m  [1m[34mSELECT  "events".* FROM "events" WHERE "events"."id" = $1 LIMIT $2[0m  [["id", 1], ["LIMIT", 1]]
  ↳ db/seeds.rb:16
  [1m[36mUser Load (0.4ms)[0m  [1m[34mSELECT  "users".* FROM "users" WHERE "users"."id" = $1 LIMIT $2[0m  [["id", 6], ["LIMIT", 1]]
  ↳ db/seeds.rb:16
  [1m[36mAttendance Create (0.4ms)[0m  [1m[32mINSERT INTO "attendances" ("user_id", "event_id", "created_at", "updated_at") VALUES ($1, $2, $3, $4) RETURNING "id"[0m  [["user_id", 6], ["event_id", 1], ["created_at", "2018-11-12 19:09:53.138984"], ["updated_at", "2018-11-12 19:09:53.138984"]]
  ↳ db/seeds.rb:16
  [1m[35m (1.3ms)[0m  [1m[35mCOMMIT[0m
  ↳ db/seeds.rb:16
  [1m[36mEvent Load (0.6ms)[0m  [1m[34mSELECT  "events".* FROM "events" ORDER BY "events"."id" ASC LIMIT $1[0m  [["LIMIT", 1]]
  [1m[36mUser Load (1.2ms)[0m  [1m[34mSELECT  "users".* FROM "users" INNER JOIN "attendances" ON "users"."id" = "attendances"."user_id" WHERE "attendances"."event_id" = $1 LIMIT $2[0m  [["event_id", 1], ["LIMIT", 11]]
Started GET "/api/v1/events" for 127.0.0.1 at 2018-11-12 14:11:16 -0500
  [1m[35m (1.0ms)[0m  [1m[34mSELECT "schema_migrations"."version" FROM "schema_migrations" ORDER BY "schema_migrations"."version" ASC[0m
  ↳ /Users/kristopherbullinger/.rvm/gems/ruby-2.3.3/gems/activerecord-5.2.1/lib/active_record/log_subscriber.rb:98
Processing by Api::V1::EventsController#index as HTML
  [1m[36mEvent Load (1.1ms)[0m  [1m[34mSELECT  "events".* FROM "events" LIMIT $1[0m  [["LIMIT", 11]]
  ↳ app/controllers/api/v1/events_controller.rb:6
  [1m[36mEvent Load (1.2ms)[0m  [1m[34mSELECT "events".* FROM "events"[0m
  ↳ app/controllers/api/v1/events_controller.rb:6
  [1m[36mAttendance Load (0.5ms)[0m  [1m[34mSELECT  "attendances".* FROM "attendances" WHERE "attendances"."event_id" = $1 LIMIT $2[0m  [["event_id", 1], ["LIMIT", 11]]
  ↳ app/controllers/api/v1/events_controller.rb:8
  [1m[36mUser Load (0.8ms)[0m  [1m[34mSELECT  "users".* FROM "users" INNER JOIN "attendances" ON "users"."id" = "attendances"."user_id" WHERE "attendances"."event_id" = $1 LIMIT $2[0m  [["event_id", 1], ["LIMIT", 11]]
  ↳ app/controllers/api/v1/events_controller.rb:8
  [1m[36mUser Load (81.9ms)[0m  [1m[34mSELECT "users".* FROM "users" INNER JOIN "attendances" ON "users"."id" = "attendances"."user_id" WHERE "attendances"."event_id" = $1[0m  [["event_id", 1]]
  ↳ (byebug):1
  [1m[36mAttendance Load (5.8ms)[0m  [1m[34mSELECT "attendances".* FROM "attendances" WHERE "attendances"."event_id" = $1[0m  [["event_id", 1]]
  ↳ app/controllers/api/v1/events_controller.rb:8
  [1m[36mUser Load (0.4ms)[0m  [1m[34mSELECT  "users".* FROM "users" WHERE "users"."id" = $1 LIMIT $2[0m  [["id", 1], ["LIMIT", 1]]
  ↳ app/controllers/api/v1/events_controller.rb:8
  [1m[36mUser Load (0.5ms)[0m  [1m[34mSELECT  "users".* FROM "users" WHERE "users"."id" = $1 LIMIT $2[0m  [["id", 2], ["LIMIT", 1]]
  ↳ app/controllers/api/v1/events_controller.rb:8
  [1m[36mUser Load (0.6ms)[0m  [1m[34mSELECT  "users".* FROM "users" WHERE "users"."id" = $1 LIMIT $2[0m  [["id", 3], ["LIMIT", 1]]
  ↳ app/controllers/api/v1/events_controller.rb:8
  [1m[36mUser Load (0.4ms)[0m  [1m[34mSELECT  "users".* FROM "users" WHERE "users"."id" = $1 LIMIT $2[0m  [["id", 4], ["LIMIT", 1]]
  ↳ app/controllers/api/v1/events_controller.rb:8
  [1m[36mUser Load (0.4ms)[0m  [1m[34mSELECT  "users".* FROM "users" WHERE "users"."id" = $1 LIMIT $2[0m  [["id", 5], ["LIMIT", 1]]
  ↳ app/controllers/api/v1/events_controller.rb:8
  [1m[36mUser Load (0.5ms)[0m  [1m[34mSELECT  "users".* FROM "users" WHERE "users"."id" = $1 LIMIT $2[0m  [["id", 6], ["LIMIT", 1]]
  ↳ app/controllers/api/v1/events_controller.rb:8
Completed 500 Internal Server Error in 192503ms (ActiveRecord: 115.6ms)


  
ActiveRecord::AssociationTypeMismatch (Attendance(#70355593833600) expected, got "Albert" which is an instance of String(#70355591274580)):
  
app/controllers/api/v1/events_controller.rb:9:in `block in index'
app/controllers/api/v1/events_controller.rb:6:in `index'
Started GET "/api/v1/events" for 127.0.0.1 at 2018-11-12 14:14:34 -0500
Processing by Api::V1::EventsController#index as HTML
  [1m[36mEvent Load (1.6ms)[0m  [1m[34mSELECT  "events".* FROM "events" ORDER BY "events"."id" ASC LIMIT $1[0m  [["LIMIT", 1]]
  ↳ (byebug):1
  [1m[36mUser Load (0.9ms)[0m  [1m[34mSELECT "users".* FROM "users" INNER JOIN "attendances" ON "users"."id" = "attendances"."user_id" WHERE "attendances"."event_id" = $1[0m  [["event_id", 1]]
  ↳ (byebug):1
  [1m[36mEvent Load (5.3ms)[0m  [1m[34mSELECT "events".* FROM "events"[0m
  ↳ app/controllers/api/v1/events_controller.rb:6
  [1m[36mCACHE User Load (0.0ms)[0m  [1m[34mSELECT "users".* FROM "users" INNER JOIN "attendances" ON "users"."id" = "attendances"."user_id" WHERE "attendances"."event_id" = $1[0m  [["event_id", 1]]
  ↳ app/controllers/api/v1/events_controller.rb:7
Completed 500 Internal Server Error in 138606ms (ActiveRecord: 32.9ms)


  
NoMethodError (undefined method `attendanees=' for #<Event:0x007ff9e070e1f8>
Did you mean?  attendees=
               attendances=
               attendees
               attendances):
  
app/controllers/api/v1/events_controller.rb:7:in `block in index'
app/controllers/api/v1/events_controller.rb:6:in `index'
Started GET "/api/v1/events" for 127.0.0.1 at 2018-11-12 14:17:35 -0500
Processing by Api::V1::EventsController#index as HTML
  [1m[36mEvent Load (0.4ms)[0m  [1m[34mSELECT "events".* FROM "events"[0m
  ↳ app/controllers/api/v1/events_controller.rb:5
  [1m[36mUser Load (0.6ms)[0m  [1m[34mSELECT "users".* FROM "users" INNER JOIN "attendances" ON "users"."id" = "attendances"."user_id" WHERE "attendances"."event_id" = $1[0m  [["event_id", 1]]
  ↳ app/models/event.rb:8
Completed 204 No Content in 126734ms (ActiveRecord: 15.2ms)


Started GET "/api/v1/events" for 127.0.0.1 at 2018-11-12 14:19:48 -0500
Processing by Api::V1::EventsController#index as HTML
  [1m[36mEvent Load (0.4ms)[0m  [1m[34mSELECT "events".* FROM "events"[0m
  ↳ app/controllers/api/v1/events_controller.rb:5
  [1m[36mUser Load (1.5ms)[0m  [1m[34mSELECT "users".* FROM "users" INNER JOIN "attendances" ON "users"."id" = "attendances"."user_id" WHERE "attendances"."event_id" = $1[0m  [["event_id", 1]]
  ↳ app/models/event.rb:8
Completed 200 OK in 46ms (Views: 0.6ms | ActiveRecord: 14.3ms)


Started GET "/api/v1/events" for 127.0.0.1 at 2018-11-12 14:20:38 -0500
Processing by Api::V1::EventsController#index as HTML
  [1m[36mEvent Load (0.4ms)[0m  [1m[34mSELECT "events".* FROM "events"[0m
  ↳ app/controllers/api/v1/events_controller.rb:5
  [1m[36mUser Load (0.5ms)[0m  [1m[34mSELECT "users".* FROM "users" INNER JOIN "attendances" ON "users"."id" = "attendances"."user_id" WHERE "attendances"."event_id" = $1[0m  [["event_id", 1]]
  ↳ app/models/event.rb:8
Completed 500 Internal Server Error in 42ms (ActiveRecord: 15.9ms)


  
NoMethodError (undefined method `<<' for nil:NilClass):
  
app/controllers/api/v1/events_controller.rb:7:in `block in index'
app/controllers/api/v1/events_controller.rb:5:in `index'
Started GET "/api/v1/events" for 127.0.0.1 at 2018-11-12 14:21:03 -0500
Processing by Api::V1::EventsController#index as HTML
  [1m[36mEvent Load (0.6ms)[0m  [1m[34mSELECT "events".* FROM "events"[0m
  ↳ app/controllers/api/v1/events_controller.rb:5
  [1m[36mUser Load (0.7ms)[0m  [1m[34mSELECT "users".* FROM "users" INNER JOIN "attendances" ON "users"."id" = "attendances"."user_id" WHERE "attendances"."event_id" = $1[0m  [["event_id", 1]]
  ↳ app/models/event.rb:8
Completed 200 OK in 114ms (Views: 0.5ms | ActiveRecord: 59.0ms)


Started GET "/api/v1/events" for 127.0.0.1 at 2018-11-12 14:21:41 -0500
Processing by Api::V1::EventsController#index as HTML
  [1m[36mEvent Load (0.4ms)[0m  [1m[34mSELECT "events".* FROM "events"[0m
  ↳ app/controllers/api/v1/events_controller.rb:5
  [1m[36mUser Load (1.1ms)[0m  [1m[34mSELECT "users".* FROM "users" INNER JOIN "attendances" ON "users"."id" = "attendances"."user_id" WHERE "attendances"."event_id" = $1[0m  [["event_id", 1]]
  ↳ app/models/event.rb:8
  [1m[36mAttendance Load (0.8ms)[0m  [1m[34mSELECT  "attendances".* FROM "attendances" WHERE "attendances"."event_id" = $1 LIMIT $2[0m  [["event_id", 1], ["LIMIT", 11]]
  ↳ app/controllers/api/v1/events_controller.rb:10
Completed 200 OK in 738782ms (Views: 1.9ms | ActiveRecord: 18.6ms)


Started GET "/api/v1/events" for 127.0.0.1 at 2018-11-12 14:34:00 -0500
Processing by Api::V1::EventsController#index as HTML
  [1m[36mEvent Load (0.5ms)[0m  [1m[34mSELECT "events".* FROM "events"[0m
  ↳ app/controllers/api/v1/events_controller.rb:5
  [1m[36mUser Load (0.5ms)[0m  [1m[34mSELECT "users".* FROM "users" INNER JOIN "attendances" ON "users"."id" = "attendances"."user_id" WHERE "attendances"."event_id" = $1[0m  [["event_id", 1]]
  ↳ app/models/event.rb:8
  [1m[36mAttendance Load (0.9ms)[0m  [1m[34mSELECT  "attendances".* FROM "attendances" WHERE "attendances"."event_id" = $1 LIMIT $2[0m  [["event_id", 1], ["LIMIT", 11]]
  ↳ app/controllers/api/v1/events_controller.rb:10
Completed 200 OK in 483619ms (Views: 0.9ms | ActiveRecord: 1.9ms)


Started GET "/api/v1/events" for 127.0.0.1 at 2018-11-12 14:42:07 -0500
Processing by Api::V1::EventsController#index as HTML
  [1m[36mEvent Load (0.5ms)[0m  [1m[34mSELECT "events".* FROM "events"[0m
  ↳ app/controllers/api/v1/events_controller.rb:6
  [1m[36mUser Load (0.4ms)[0m  [1m[34mSELECT "users".* FROM "users" INNER JOIN "attendances" ON "users"."id" = "attendances"."user_id" WHERE "attendances"."event_id" = $1[0m  [["event_id", 1]]
  ↳ app/models/event.rb:8
Completed 200 OK in 66614ms (Views: 0.9ms | ActiveRecord: 17.9ms)


Started GET "/api/v1/events" for 127.0.0.1 at 2018-11-12 14:43:16 -0500
Processing by Api::V1::EventsController#index as HTML
  [1m[36mEvent Load (0.4ms)[0m  [1m[34mSELECT "events".* FROM "events"[0m
  ↳ app/controllers/api/v1/events_controller.rb:6
  [1m[36mUser Load (0.6ms)[0m  [1m[34mSELECT "users".* FROM "users" INNER JOIN "attendances" ON "users"."id" = "attendances"."user_id" WHERE "attendances"."event_id" = $1[0m  [["event_id", 1]]
  ↳ app/models/event.rb:8
Completed 200 OK in 202022ms (Views: 1.1ms | ActiveRecord: 17.2ms)


Started GET "/api/v1/events" for 127.0.0.1 at 2018-11-12 14:46:38 -0500
Processing by Api::V1::EventsController#index as HTML
  [1m[36mEvent Load (0.4ms)[0m  [1m[34mSELECT "events".* FROM "events"[0m
  ↳ app/controllers/api/v1/events_controller.rb:6
  [1m[36mUser Load (0.4ms)[0m  [1m[34mSELECT "users".* FROM "users" INNER JOIN "attendances" ON "users"."id" = "attendances"."user_id" WHERE "attendances"."event_id" = $1[0m  [["event_id", 1]]
  ↳ app/models/event.rb:8
Completed 200 OK in 6545ms (Views: 1.0ms | ActiveRecord: 0.7ms)


Started GET "/api/v1/events" for 127.0.0.1 at 2018-11-12 14:46:57 -0500
Processing by Api::V1::EventsController#index as HTML
  [1m[36mEvent Load (0.5ms)[0m  [1m[34mSELECT "events".* FROM "events"[0m
  ↳ app/controllers/api/v1/events_controller.rb:6
  [1m[36mUser Load (0.5ms)[0m  [1m[34mSELECT "users".* FROM "users" INNER JOIN "attendances" ON "users"."id" = "attendances"."user_id" WHERE "attendances"."event_id" = $1[0m  [["event_id", 1]]
  ↳ app/models/event.rb:8
Completed 200 OK in 3830ms (Views: 1.0ms | ActiveRecord: 16.8ms)


Started GET "/api/v1/events" for 127.0.0.1 at 2018-11-12 14:47:12 -0500
Processing by Api::V1::EventsController#index as HTML
  [1m[36mEvent Load (0.4ms)[0m  [1m[34mSELECT "events".* FROM "events"[0m
  ↳ app/controllers/api/v1/events_controller.rb:6
  [1m[36mUser Load (0.4ms)[0m  [1m[34mSELECT "users".* FROM "users" INNER JOIN "attendances" ON "users"."id" = "attendances"."user_id" WHERE "attendances"."event_id" = $1[0m  [["event_id", 1]]
  ↳ app/models/event.rb:8
Completed 200 OK in 19826ms (Views: 0.9ms | ActiveRecord: 0.8ms)


Started GET "/api/v1/events" for 127.0.0.1 at 2018-11-12 14:47:34 -0500
Processing by Api::V1::EventsController#index as HTML
  [1m[36mEvent Load (0.5ms)[0m  [1m[34mSELECT "events".* FROM "events"[0m
  ↳ app/controllers/api/v1/events_controller.rb:6
  [1m[36mUser Load (0.3ms)[0m  [1m[34mSELECT "users".* FROM "users" INNER JOIN "attendances" ON "users"."id" = "attendances"."user_id" WHERE "attendances"."event_id" = $1[0m  [["event_id", 1]]
  ↳ app/models/event.rb:8
Completed 200 OK in 53456ms (Views: 1.3ms | ActiveRecord: 21.4ms)


Started GET "/api/v1/events" for 127.0.0.1 at 2018-11-12 14:48:27 -0500
Processing by Api::V1::EventsController#index as HTML
  [1m[36mEvent Load (0.4ms)[0m  [1m[34mSELECT "events".* FROM "events"[0m
  ↳ app/controllers/api/v1/events_controller.rb:6
  [1m[36mUser Load (0.4ms)[0m  [1m[34mSELECT "users".* FROM "users" INNER JOIN "attendances" ON "users"."id" = "attendances"."user_id" WHERE "attendances"."event_id" = $1[0m  [["event_id", 1]]
  ↳ app/models/event.rb:8
Completed 200 OK in 1076ms (Views: 0.6ms | ActiveRecord: 0.7ms)


Started GET "/api/v1/events" for 127.0.0.1 at 2018-11-12 14:48:32 -0500
Processing by Api::V1::EventsController#index as HTML
  [1m[36mEvent Load (0.4ms)[0m  [1m[34mSELECT "events".* FROM "events"[0m
  ↳ app/controllers/api/v1/events_controller.rb:6
  [1m[36mUser Load (0.4ms)[0m  [1m[34mSELECT "users".* FROM "users" INNER JOIN "attendances" ON "users"."id" = "attendances"."user_id" WHERE "attendances"."event_id" = $1[0m  [["event_id", 1]]
  ↳ app/models/event.rb:8
Completed 200 OK in 51ms (Views: 0.7ms | ActiveRecord: 16.7ms)


  [1m[35m (0.3ms)[0m  [1m[34mSELECT pg_try_advisory_lock(5880313183026265305)[0m
  ↳ bin/rails:9
  [1m[35m (1.0ms)[0m  [1m[34mSELECT "schema_migrations"."version" FROM "schema_migrations" ORDER BY "schema_migrations"."version" ASC[0m
  ↳ bin/rails:9
Migrating to AddAddressToEvents (20181112195142)
  [1m[35m (0.3ms)[0m  [1m[35mBEGIN[0m
  ↳ bin/rails:9
  [1m[35m (31.7ms)[0m  [1m[35mALTER TABLE "events" ADD "address" character varying[0m
  ↳ db/migrate/20181112195142_add_address_to_events.rb:3
  [1m[36mActiveRecord::SchemaMigration Create (2.3ms)[0m  [1m[32mINSERT INTO "schema_migrations" ("version") VALUES ($1) RETURNING "version"[0m  [["version", "20181112195142"]]
  ↳ bin/rails:9
  [1m[35m (2.1ms)[0m  [1m[35mCOMMIT[0m
  ↳ bin/rails:9
  [1m[36mActiveRecord::InternalMetadata Load (0.6ms)[0m  [1m[34mSELECT  "ar_internal_metadata".* FROM "ar_internal_metadata" WHERE "ar_internal_metadata"."key" = $1 LIMIT $2[0m  [["key", "environment"], ["LIMIT", 1]]
  ↳ bin/rails:9
  [1m[35m (0.2ms)[0m  [1m[35mBEGIN[0m
  ↳ bin/rails:9
  [1m[35m (0.2ms)[0m  [1m[35mCOMMIT[0m
  ↳ bin/rails:9
  [1m[35m (0.3ms)[0m  [1m[34mSELECT pg_advisory_unlock(5880313183026265305)[0m
  ↳ bin/rails:9
  [1m[35m (0.7ms)[0m  [1m[34mSELECT "schema_migrations"."version" FROM "schema_migrations" ORDER BY "schema_migrations"."version" ASC[0m
  ↳ bin/rails:9
  [1m[35m (1.0ms)[0m  [1m[34mSELECT "schema_migrations"."version" FROM "schema_migrations" ORDER BY "schema_migrations"."version" ASC[0m
  ↳ bin/rails:9
  [1m[35m (6.6ms)[0m  [1m[34mSELECT "ar_internal_metadata"."value" FROM "ar_internal_metadata" WHERE "ar_internal_metadata"."key" = $1[0m  [["key", "environment"]]
  ↳ bin/rails:9
  [1m[35m (0.4ms)[0m  [1m[34mSELECT "schema_migrations"."version" FROM "schema_migrations" ORDER BY "schema_migrations"."version" ASC[0m
  ↳ bin/rails:9
  [1m[35m (0.3ms)[0m  [1m[34mSELECT "ar_internal_metadata"."value" FROM "ar_internal_metadata" WHERE "ar_internal_metadata"."key" = $1[0m  [["key", "environment"]]
  ↳ bin/rails:9
  [1m[35m (0.3ms)[0m  [1m[34mSELECT "schema_migrations"."version" FROM "schema_migrations" ORDER BY "schema_migrations"."version" ASC[0m
  ↳ bin/rails:9
  [1m[35m (0.3ms)[0m  [1m[34mSELECT "ar_internal_metadata"."value" FROM "ar_internal_metadata" WHERE "ar_internal_metadata"."key" = $1[0m  [["key", "environment"]]
  ↳ bin/rails:9
  [1m[35m (244.9ms)[0m  [1m[35mDROP DATABASE IF EXISTS "SyncUpAPI_development"[0m
  ↳ bin/rails:9
  [1m[35m (244.8ms)[0m  [1m[35mDROP DATABASE IF EXISTS "SyncUpAPI_test"[0m
  ↳ bin/rails:9
  [1m[35m (496.4ms)[0m  [1m[35mCREATE DATABASE "SyncUpAPI_development" ENCODING = 'unicode'[0m
  ↳ bin/rails:9
  [1m[35m (496.7ms)[0m  [1m[35mCREATE DATABASE "SyncUpAPI_test" ENCODING = 'unicode'[0m
  ↳ bin/rails:9
  [1m[35m (14.0ms)[0m  [1m[35mCREATE TABLE "schema_migrations" ("version" character varying NOT NULL PRIMARY KEY)[0m
  ↳ bin/rails:9
  [1m[35m (7.8ms)[0m  [1m[35mCREATE TABLE "ar_internal_metadata" ("key" character varying NOT NULL PRIMARY KEY, "value" character varying, "created_at" timestamp NOT NULL, "updated_at" timestamp NOT NULL)[0m
  ↳ bin/rails:9
  [1m[35m (0.3ms)[0m  [1m[34mSELECT pg_try_advisory_lock(5880313183026265305)[0m
  ↳ bin/rails:9
  [1m[35m (0.8ms)[0m  [1m[34mSELECT "schema_migrations"."version" FROM "schema_migrations" ORDER BY "schema_migrations"."version" ASC[0m
  ↳ bin/rails:9
Migrating to CreateUsers (20181112175958)
  [1m[35m (0.2ms)[0m  [1m[35mBEGIN[0m
  ↳ bin/rails:9
  [1m[35m (17.8ms)[0m  [1m[35mCREATE TABLE "users" ("id" bigserial primary key, "name" character varying, "email" character varying, "created_at" timestamp NOT NULL, "updated_at" timestamp NOT NULL)[0m
  ↳ db/migrate/20181112175958_create_users.rb:3
  [1m[36mActiveRecord::SchemaMigration Create (1.1ms)[0m  [1m[32mINSERT INTO "schema_migrations" ("version") VALUES ($1) RETURNING "version"[0m  [["version", "20181112175958"]]
  ↳ bin/rails:9
  [1m[35m (1.7ms)[0m  [1m[35mCOMMIT[0m
  ↳ bin/rails:9
Migrating to CreateAttendances (20181112180037)
  [1m[35m (0.5ms)[0m  [1m[35mBEGIN[0m
  ↳ bin/rails:9
  [1m[35m (8.0ms)[0m  [1m[35mCREATE TABLE "attendances" ("id" bigserial primary key, "user_id" integer, "event_id" integer, "created_at" timestamp NOT NULL, "updated_at" timestamp NOT NULL)[0m
  ↳ db/migrate/20181112180037_create_attendances.rb:3
  [1m[36mActiveRecord::SchemaMigration Create (0.8ms)[0m  [1m[32mINSERT INTO "schema_migrations" ("version") VALUES ($1) RETURNING "version"[0m  [["version", "20181112180037"]]
  ↳ bin/rails:9
  [1m[35m (1.6ms)[0m  [1m[35mCOMMIT[0m
  ↳ bin/rails:9
Migrating to CreateEvents (20181112180944)
  [1m[35m (1.5ms)[0m  [1m[35mBEGIN[0m
  ↳ bin/rails:9
  [1m[35m (8.5ms)[0m  [1m[35mCREATE TABLE "events" ("id" bigserial primary key, "title" character varying, "description" character varying, "date" date, "tags" text, "created_at" timestamp NOT NULL, "updated_at" timestamp NOT NULL)[0m
  ↳ db/migrate/20181112180944_create_events.rb:3
  [1m[36mActiveRecord::SchemaMigration Create (0.6ms)[0m  [1m[32mINSERT INTO "schema_migrations" ("version") VALUES ($1) RETURNING "version"[0m  [["version", "20181112180944"]]
  ↳ bin/rails:9
  [1m[35m (1.4ms)[0m  [1m[35mCOMMIT[0m
  ↳ bin/rails:9
Migrating to AddAddressToEvents (20181112195142)
  [1m[35m (6.3ms)[0m  [1m[35mBEGIN[0m
  ↳ bin/rails:9
  [1m[35m (0.5ms)[0m  [1m[35mALTER TABLE "events" ADD "address" character varying[0m
  ↳ db/migrate/20181112195142_add_address_to_events.rb:3
  [1m[36mActiveRecord::SchemaMigration Create (0.4ms)[0m  [1m[32mINSERT INTO "schema_migrations" ("version") VALUES ($1) RETURNING "version"[0m  [["version", "20181112195142"]]
  ↳ bin/rails:9
  [1m[35m (5.7ms)[0m  [1m[35mCOMMIT[0m
  ↳ bin/rails:9
  [1m[36mActiveRecord::InternalMetadata Load (1.0ms)[0m  [1m[34mSELECT  "ar_internal_metadata".* FROM "ar_internal_metadata" WHERE "ar_internal_metadata"."key" = $1 LIMIT $2[0m  [["key", "environment"], ["LIMIT", 1]]
  ↳ bin/rails:9
  [1m[35m (0.2ms)[0m  [1m[35mBEGIN[0m
  ↳ bin/rails:9
  [1m[36mActiveRecord::InternalMetadata Create (0.6ms)[0m  [1m[32mINSERT INTO "ar_internal_metadata" ("key", "value", "created_at", "updated_at") VALUES ($1, $2, $3, $4) RETURNING "key"[0m  [["key", "environment"], ["value", "development"], ["created_at", "2018-11-12 20:17:29.464136"], ["updated_at", "2018-11-12 20:17:29.464136"]]
  ↳ bin/rails:9
  [1m[35m (1.5ms)[0m  [1m[35mCOMMIT[0m
  ↳ bin/rails:9
  [1m[35m (0.4ms)[0m  [1m[34mSELECT pg_advisory_unlock(5880313183026265305)[0m
  ↳ bin/rails:9
  [1m[35m (0.4ms)[0m  [1m[34mSELECT "schema_migrations"."version" FROM "schema_migrations" ORDER BY "schema_migrations"."version" ASC[0m
  ↳ bin/rails:9
  [1m[35m (1.0ms)[0m  [1m[34mSELECT "schema_migrations"."version" FROM "schema_migrations" ORDER BY "schema_migrations"."version" ASC[0m
  ↳ bin/rails:9
  [1m[35m (0.2ms)[0m  [1m[35mBEGIN[0m
  ↳ db/seeds.rb:4
  [1m[36mUser Create (1.1ms)[0m  [1m[32mINSERT INTO "users" ("name", "email", "created_at", "updated_at") VALUES ($1, $2, $3, $4) RETURNING "id"[0m  [["name", "Albert"], ["email", "albert@albert.com"], ["created_at", "2018-11-12 20:17:33.975229"], ["updated_at", "2018-11-12 20:17:33.975229"]]
  ↳ db/seeds.rb:4
  [1m[35m (1.6ms)[0m  [1m[35mCOMMIT[0m
  ↳ db/seeds.rb:4
  [1m[35m (0.2ms)[0m  [1m[35mBEGIN[0m
  ↳ db/seeds.rb:5
  [1m[36mUser Create (0.5ms)[0m  [1m[32mINSERT INTO "users" ("name", "email", "created_at", "updated_at") VALUES ($1, $2, $3, $4) RETURNING "id"[0m  [["name", "Kris"], ["email", "kris@grandma.com"], ["created_at", "2018-11-12 20:17:33.980653"], ["updated_at", "2018-11-12 20:17:33.980653"]]
  ↳ db/seeds.rb:5
  [1m[35m (1.3ms)[0m  [1m[35mCOMMIT[0m
  ↳ db/seeds.rb:5
  [1m[35m (0.2ms)[0m  [1m[35mBEGIN[0m
  ↳ db/seeds.rb:6
  [1m[36mUser Create (0.4ms)[0m  [1m[32mINSERT INTO "users" ("name", "email", "created_at", "updated_at") VALUES ($1, $2, $3, $4) RETURNING "id"[0m  [["name", "Jamal"], ["email", "jama@grandma.com"], ["created_at", "2018-11-12 20:17:33.984889"], ["updated_at", "2018-11-12 20:17:33.984889"]]
  ↳ db/seeds.rb:6
  [1m[35m (1.2ms)[0m  [1m[35mCOMMIT[0m
  ↳ db/seeds.rb:6
  [1m[35m (0.2ms)[0m  [1m[35mBEGIN[0m
  ↳ db/seeds.rb:7
  [1m[36mUser Create (0.4ms)[0m  [1m[32mINSERT INTO "users" ("name", "email", "created_at", "updated_at") VALUES ($1, $2, $3, $4) RETURNING "id"[0m  [["name", "Edwin"], ["email", "edwin@grandma.com"], ["created_at", "2018-11-12 20:17:33.988826"], ["updated_at", "2018-11-12 20:17:33.988826"]]
  ↳ db/seeds.rb:7
  [1m[35m (1.3ms)[0m  [1m[35mCOMMIT[0m
  ↳ db/seeds.rb:7
  [1m[35m (0.2ms)[0m  [1m[35mBEGIN[0m
  ↳ db/seeds.rb:8
  [1m[36mUser Create (0.5ms)[0m  [1m[32mINSERT INTO "users" ("name", "email", "created_at", "updated_at") VALUES ($1, $2, $3, $4) RETURNING "id"[0m  [["name", "Stacey1"], ["email", "mega@grandma.com"], ["created_at", "2018-11-12 20:17:33.992801"], ["updated_at", "2018-11-12 20:17:33.992801"]]
  ↳ db/seeds.rb:8
  [1m[35m (1.2ms)[0m  [1m[35mCOMMIT[0m
  ↳ db/seeds.rb:8
  [1m[35m (0.2ms)[0m  [1m[35mBEGIN[0m
  ↳ db/seeds.rb:9
  [1m[36mUser Create (0.4ms)[0m  [1m[32mINSERT INTO "users" ("name", "email", "created_at", "updated_at") VALUES ($1, $2, $3, $4) RETURNING "id"[0m  [["name", "Bigfoot"], ["email", "bigfoot@grandma.com"], ["created_at", "2018-11-12 20:17:33.996911"], ["updated_at", "2018-11-12 20:17:33.996911"]]
  ↳ db/seeds.rb:9
  [1m[35m (1.2ms)[0m  [1m[35mCOMMIT[0m
  ↳ db/seeds.rb:9
  [1m[35m (0.2ms)[0m  [1m[35mBEGIN[0m
  ↳ db/seeds.rb:10
  [1m[36mEvent Create (0.8ms)[0m  [1m[32mINSERT INTO "events" ("title", "description", "date", "created_at", "updated_at", "address") VALUES ($1, $2, $3, $4, $5, $6) RETURNING "id"[0m  [["title", "My FUn Event"], ["description", "Come and have some fun now!"], ["date", "2018-11-15"], ["created_at", "2018-11-12 20:17:34.032389"], ["updated_at", "2018-11-12 20:17:34.032389"], ["address", "ur mom's house"]]
  ↳ db/seeds.rb:10
  [1m[35m (1.4ms)[0m  [1m[35mCOMMIT[0m
  ↳ db/seeds.rb:10
  [1m[35m (0.2ms)[0m  [1m[35mBEGIN[0m
  ↳ db/seeds.rb:11
  [1m[36mEvent Create (0.5ms)[0m  [1m[32mINSERT INTO "events" ("title", "description", "date", "created_at", "updated_at", "address") VALUES ($1, $2, $3, $4, $5, $6) RETURNING "id"[0m  [["title", "bouncy castle & beer"], ["description", "bounce and buzz"], ["date", "2018-11-19"], ["created_at", "2018-11-12 20:17:34.038177"], ["updated_at", "2018-11-12 20:17:34.038177"], ["address", "Mr HAppy's Castle"]]
  ↳ db/seeds.rb:11
  [1m[35m (1.5ms)[0m  [1m[35mCOMMIT[0m
  ↳ db/seeds.rb:11
  [1m[35m (0.2ms)[0m  [1m[35mBEGIN[0m
  ↳ db/seeds.rb:12
  [1m[36mEvent Create (0.4ms)[0m  [1m[32mINSERT INTO "events" ("title", "description", "date", "created_at", "updated_at", "address") VALUES ($1, $2, $3, $4, $5, $6) RETURNING "id"[0m  [["title", "Drink a shit ton of alcohol an make a total ass out of yourself"], ["description", "regret it every time but youll keep coming back"], ["date", "2018-11-16"], ["created_at", "2018-11-12 20:17:34.042935"], ["updated_at", "2018-11-12 20:17:34.042935"], ["address", "my parent's basement. dont wake them up pls"]]
  ↳ db/seeds.rb:12
  [1m[35m (1.3ms)[0m  [1m[35mCOMMIT[0m
  ↳ db/seeds.rb:12
  [1m[35m (0.3ms)[0m  [1m[35mBEGIN[0m
  ↳ db/seeds.rb:13
  [1m[36mEvent Load (0.4ms)[0m  [1m[34mSELECT  "events".* FROM "events" WHERE "events"."id" = $1 LIMIT $2[0m  [["id", 1], ["LIMIT", 1]]
  ↳ db/seeds.rb:13
  [1m[36mUser Load (0.4ms)[0m  [1m[34mSELECT  "users".* FROM "users" WHERE "users"."id" = $1 LIMIT $2[0m  [["id", 1], ["LIMIT", 1]]
  ↳ db/seeds.rb:13
  [1m[36mAttendance Create (0.8ms)[0m  [1m[32mINSERT INTO "attendances" ("user_id", "event_id", "created_at", "updated_at") VALUES ($1, $2, $3, $4) RETURNING "id"[0m  [["user_id", 1], ["event_id", 1], ["created_at", "2018-11-12 20:17:34.073356"], ["updated_at", "2018-11-12 20:17:34.073356"]]
  ↳ db/seeds.rb:13
  [1m[35m (6.0ms)[0m  [1m[35mCOMMIT[0m
  ↳ db/seeds.rb:13
  [1m[35m (0.3ms)[0m  [1m[35mBEGIN[0m
  ↳ db/seeds.rb:14
  [1m[36mEvent Load (0.7ms)[0m  [1m[34mSELECT  "events".* FROM "events" WHERE "events"."id" = $1 LIMIT $2[0m  [["id", 1], ["LIMIT", 1]]
  ↳ db/seeds.rb:14
  [1m[36mUser Load (0.6ms)[0m  [1m[34mSELECT  "users".* FROM "users" WHERE "users"."id" = $1 LIMIT $2[0m  [["id", 2], ["LIMIT", 1]]
  ↳ db/seeds.rb:14
  [1m[36mAttendance Create (0.7ms)[0m  [1m[32mINSERT INTO "attendances" ("user_id", "event_id", "created_at", "updated_at") VALUES ($1, $2, $3, $4) RETURNING "id"[0m  [["user_id", 2], ["event_id", 1], ["created_at", "2018-11-12 20:17:34.087947"], ["updated_at", "2018-11-12 20:17:34.087947"]]
  ↳ db/seeds.rb:14
  [1m[35m (1.5ms)[0m  [1m[35mCOMMIT[0m
  ↳ db/seeds.rb:14
  [1m[35m (0.3ms)[0m  [1m[35mBEGIN[0m
  ↳ db/seeds.rb:15
  [1m[36mEvent Load (0.6ms)[0m  [1m[34mSELECT  "events".* FROM "events" WHERE "events"."id" = $1 LIMIT $2[0m  [["id", 1], ["LIMIT", 1]]
  ↳ db/seeds.rb:15
  [1m[36mUser Load (0.9ms)[0m  [1m[34mSELECT  "users".* FROM "users" WHERE "users"."id" = $1 LIMIT $2[0m  [["id", 3], ["LIMIT", 1]]
  ↳ db/seeds.rb:15
  [1m[36mAttendance Create (0.7ms)[0m  [1m[32mINSERT INTO "attendances" ("user_id", "event_id", "created_at", "updated_at") VALUES ($1, $2, $3, $4) RETURNING "id"[0m  [["user_id", 3], ["event_id", 1], ["created_at", "2018-11-12 20:17:34.098472"], ["updated_at", "2018-11-12 20:17:34.098472"]]
  ↳ db/seeds.rb:15
  [1m[35m (1.5ms)[0m  [1m[35mCOMMIT[0m
  ↳ db/seeds.rb:15
  [1m[35m (0.3ms)[0m  [1m[35mBEGIN[0m
  ↳ db/seeds.rb:16
  [1m[36mEvent Load (0.7ms)[0m  [1m[34mSELECT  "events".* FROM "events" WHERE "events"."id" = $1 LIMIT $2[0m  [["id", 1], ["LIMIT", 1]]
  ↳ db/seeds.rb:16
  [1m[36mUser Load (0.9ms)[0m  [1m[34mSELECT  "users".* FROM "users" WHERE "users"."id" = $1 LIMIT $2[0m  [["id", 4], ["LIMIT", 1]]
  ↳ db/seeds.rb:16
  [1m[36mAttendance Create (0.7ms)[0m  [1m[32mINSERT INTO "attendances" ("user_id", "event_id", "created_at", "updated_at") VALUES ($1, $2, $3, $4) RETURNING "id"[0m  [["user_id", 4], ["event_id", 1], ["created_at", "2018-11-12 20:17:34.109978"], ["updated_at", "2018-11-12 20:17:34.109978"]]
  ↳ db/seeds.rb:16
  [1m[35m (1.2ms)[0m  [1m[35mCOMMIT[0m
  ↳ db/seeds.rb:16
  [1m[35m (0.2ms)[0m  [1m[35mBEGIN[0m
  ↳ db/seeds.rb:17
  [1m[36mEvent Load (0.6ms)[0m  [1m[34mSELECT  "events".* FROM "events" WHERE "events"."id" = $1 LIMIT $2[0m  [["id", 1], ["LIMIT", 1]]
  ↳ db/seeds.rb:17
  [1m[36mUser Load (0.7ms)[0m  [1m[34mSELECT  "users".* FROM "users" WHERE "users"."id" = $1 LIMIT $2[0m  [["id", 5], ["LIMIT", 1]]
  ↳ db/seeds.rb:17
  [1m[36mAttendance Create (0.6ms)[0m  [1m[32mINSERT INTO "attendances" ("user_id", "event_id", "created_at", "updated_at") VALUES ($1, $2, $3, $4) RETURNING "id"[0m  [["user_id", 5], ["event_id", 1], ["created_at", "2018-11-12 20:17:34.119064"], ["updated_at", "2018-11-12 20:17:34.119064"]]
  ↳ db/seeds.rb:17
  [1m[35m (1.1ms)[0m  [1m[35mCOMMIT[0m
  ↳ db/seeds.rb:17
  [1m[35m (0.2ms)[0m  [1m[35mBEGIN[0m
  ↳ db/seeds.rb:18
  [1m[36mEvent Load (0.5ms)[0m  [1m[34mSELECT  "events".* FROM "events" WHERE "events"."id" = $1 LIMIT $2[0m  [["id", 1], ["LIMIT", 1]]
  ↳ db/seeds.rb:18
  [1m[36mUser Load (0.5ms)[0m  [1m[34mSELECT  "users".* FROM "users" WHERE "users"."id" = $1 LIMIT $2[0m  [["id", 6], ["LIMIT", 1]]
  ↳ db/seeds.rb:18
  [1m[36mAttendance Create (0.6ms)[0m  [1m[32mINSERT INTO "attendances" ("user_id", "event_id", "created_at", "updated_at") VALUES ($1, $2, $3, $4) RETURNING "id"[0m  [["user_id", 6], ["event_id", 1], ["created_at", "2018-11-12 20:17:34.126232"], ["updated_at", "2018-11-12 20:17:34.126232"]]
  ↳ db/seeds.rb:18
  [1m[35m (1.3ms)[0m  [1m[35mCOMMIT[0m
  ↳ db/seeds.rb:18
  [1m[35m (0.2ms)[0m  [1m[35mBEGIN[0m
  ↳ db/seeds.rb:19
  [1m[36mEvent Load (0.3ms)[0m  [1m[34mSELECT  "events".* FROM "events" WHERE "events"."id" = $1 LIMIT $2[0m  [["id", 2], ["LIMIT", 1]]
  ↳ db/seeds.rb:19
  [1m[36mUser Load (0.3ms)[0m  [1m[34mSELECT  "users".* FROM "users" WHERE "users"."id" = $1 LIMIT $2[0m  [["id", 1], ["LIMIT", 1]]
  ↳ db/seeds.rb:19
  [1m[36mAttendance Create (0.4ms)[0m  [1m[32mINSERT INTO "attendances" ("user_id", "event_id", "created_at", "updated_at") VALUES ($1, $2, $3, $4) RETURNING "id"[0m  [["user_id", 1], ["event_id", 2], ["created_at", "2018-11-12 20:17:34.132503"], ["updated_at", "2018-11-12 20:17:34.132503"]]
  ↳ db/seeds.rb:19
  [1m[35m (1.5ms)[0m  [1m[35mCOMMIT[0m
  ↳ db/seeds.rb:19
  [1m[35m (0.2ms)[0m  [1m[35mBEGIN[0m
  ↳ db/seeds.rb:20
  [1m[36mEvent Load (0.3ms)[0m  [1m[34mSELECT  "events".* FROM "events" WHERE "events"."id" = $1 LIMIT $2[0m  [["id", 2], ["LIMIT", 1]]
  ↳ db/seeds.rb:20
  [1m[36mUser Load (0.3ms)[0m  [1m[34mSELECT  "users".* FROM "users" WHERE "users"."id" = $1 LIMIT $2[0m  [["id", 2], ["LIMIT", 1]]
  ↳ db/seeds.rb:20
  [1m[36mAttendance Create (0.4ms)[0m  [1m[32mINSERT INTO "attendances" ("user_id", "event_id", "created_at", "updated_at") VALUES ($1, $2, $3, $4) RETURNING "id"[0m  [["user_id", 2], ["event_id", 2], ["created_at", "2018-11-12 20:17:34.138937"], ["updated_at", "2018-11-12 20:17:34.138937"]]
  ↳ db/seeds.rb:20
  [1m[35m (1.2ms)[0m  [1m[35mCOMMIT[0m
  ↳ db/seeds.rb:20
  [1m[35m (0.2ms)[0m  [1m[35mBEGIN[0m
  ↳ db/seeds.rb:21
  [1m[36mEvent Load (0.3ms)[0m  [1m[34mSELECT  "events".* FROM "events" WHERE "events"."id" = $1 LIMIT $2[0m  [["id", 2], ["LIMIT", 1]]
  ↳ db/seeds.rb:21
  [1m[36mUser Load (0.3ms)[0m  [1m[34mSELECT  "users".* FROM "users" WHERE "users"."id" = $1 LIMIT $2[0m  [["id", 3], ["LIMIT", 1]]
  ↳ db/seeds.rb:21
  [1m[36mAttendance Create (0.4ms)[0m  [1m[32mINSERT INTO "attendances" ("user_id", "event_id", "created_at", "updated_at") VALUES ($1, $2, $3, $4) RETURNING "id"[0m  [["user_id", 3], ["event_id", 2], ["created_at", "2018-11-12 20:17:34.144873"], ["updated_at", "2018-11-12 20:17:34.144873"]]
  ↳ db/seeds.rb:21
  [1m[35m (1.3ms)[0m  [1m[35mCOMMIT[0m
  ↳ db/seeds.rb:21
  [1m[35m (0.2ms)[0m  [1m[35mBEGIN[0m
  ↳ db/seeds.rb:22
  [1m[36mEvent Load (0.2ms)[0m  [1m[34mSELECT  "events".* FROM "events" WHERE "events"."id" = $1 LIMIT $2[0m  [["id", 2], ["LIMIT", 1]]
  ↳ db/seeds.rb:22
  [1m[36mUser Load (0.2ms)[0m  [1m[34mSELECT  "users".* FROM "users" WHERE "users"."id" = $1 LIMIT $2[0m  [["id", 4], ["LIMIT", 1]]
  ↳ db/seeds.rb:22
  [1m[36mAttendance Create (0.5ms)[0m  [1m[32mINSERT INTO "attendances" ("user_id", "event_id", "created_at", "updated_at") VALUES ($1, $2, $3, $4) RETURNING "id"[0m  [["user_id", 4], ["event_id", 2], ["created_at", "2018-11-12 20:17:34.152563"], ["updated_at", "2018-11-12 20:17:34.152563"]]
  ↳ db/seeds.rb:22
  [1m[35m (1.5ms)[0m  [1m[35mCOMMIT[0m
  ↳ db/seeds.rb:22
  [1m[35m (0.2ms)[0m  [1m[35mBEGIN[0m
  ↳ db/seeds.rb:23
  [1m[36mEvent Load (0.4ms)[0m  [1m[34mSELECT  "events".* FROM "events" WHERE "events"."id" = $1 LIMIT $2[0m  [["id", 2], ["LIMIT", 1]]
  ↳ db/seeds.rb:23
  [1m[36mUser Load (0.3ms)[0m  [1m[34mSELECT  "users".* FROM "users" WHERE "users"."id" = $1 LIMIT $2[0m  [["id", 5], ["LIMIT", 1]]
  ↳ db/seeds.rb:23
  [1m[36mAttendance Create (0.4ms)[0m  [1m[32mINSERT INTO "attendances" ("user_id", "event_id", "created_at", "updated_at") VALUES ($1, $2, $3, $4) RETURNING "id"[0m  [["user_id", 5], ["event_id", 2], ["created_at", "2018-11-12 20:17:34.158804"], ["updated_at", "2018-11-12 20:17:34.158804"]]
  ↳ db/seeds.rb:23
  [1m[35m (1.4ms)[0m  [1m[35mCOMMIT[0m
  ↳ db/seeds.rb:23
  [1m[35m (0.2ms)[0m  [1m[35mBEGIN[0m
  ↳ db/seeds.rb:24
  [1m[36mEvent Load (0.2ms)[0m  [1m[34mSELECT  "events".* FROM "events" WHERE "events"."id" = $1 LIMIT $2[0m  [["id", 2], ["LIMIT", 1]]
  ↳ db/seeds.rb:24
  [1m[36mUser Load (0.3ms)[0m  [1m[34mSELECT  "users".* FROM "users" WHERE "users"."id" = $1 LIMIT $2[0m  [["id", 6], ["LIMIT", 1]]
  ↳ db/seeds.rb:24
  [1m[36mAttendance Create (0.4ms)[0m  [1m[32mINSERT INTO "attendances" ("user_id", "event_id", "created_at", "updated_at") VALUES ($1, $2, $3, $4) RETURNING "id"[0m  [["user_id", 6], ["event_id", 2], ["created_at", "2018-11-12 20:17:34.164316"], ["updated_at", "2018-11-12 20:17:34.164316"]]
  ↳ db/seeds.rb:24
  [1m[35m (1.2ms)[0m  [1m[35mCOMMIT[0m
  ↳ db/seeds.rb:24
  [1m[35m (0.2ms)[0m  [1m[35mBEGIN[0m
  ↳ db/seeds.rb:25
  [1m[36mEvent Load (0.3ms)[0m  [1m[34mSELECT  "events".* FROM "events" WHERE "events"."id" = $1 LIMIT $2[0m  [["id", 3], ["LIMIT", 1]]
  ↳ db/seeds.rb:25
  [1m[36mUser Load (0.3ms)[0m  [1m[34mSELECT  "users".* FROM "users" WHERE "users"."id" = $1 LIMIT $2[0m  [["id", 1], ["LIMIT", 1]]
  ↳ db/seeds.rb:25
  [1m[36mAttendance Create (0.4ms)[0m  [1m[32mINSERT INTO "attendances" ("user_id", "event_id", "created_at", "updated_at") VALUES ($1, $2, $3, $4) RETURNING "id"[0m  [["user_id", 1], ["event_id", 3], ["created_at", "2018-11-12 20:17:34.170063"], ["updated_at", "2018-11-12 20:17:34.170063"]]
  ↳ db/seeds.rb:25
  [1m[35m (1.3ms)[0m  [1m[35mCOMMIT[0m
  ↳ db/seeds.rb:25
  [1m[35m (0.2ms)[0m  [1m[35mBEGIN[0m
  ↳ db/seeds.rb:26
  [1m[36mEvent Load (0.3ms)[0m  [1m[34mSELECT  "events".* FROM "events" WHERE "events"."id" = $1 LIMIT $2[0m  [["id", 3], ["LIMIT", 1]]
  ↳ db/seeds.rb:26
  [1m[36mUser Load (0.3ms)[0m  [1m[34mSELECT  "users".* FROM "users" WHERE "users"."id" = $1 LIMIT $2[0m  [["id", 2], ["LIMIT", 1]]
  ↳ db/seeds.rb:26
  [1m[36mAttendance Create (0.4ms)[0m  [1m[32mINSERT INTO "attendances" ("user_id", "event_id", "created_at", "updated_at") VALUES ($1, $2, $3, $4) RETURNING "id"[0m  [["user_id", 2], ["event_id", 3], ["created_at", "2018-11-12 20:17:34.176105"], ["updated_at", "2018-11-12 20:17:34.176105"]]
  ↳ db/seeds.rb:26
  [1m[35m (1.2ms)[0m  [1m[35mCOMMIT[0m
  ↳ db/seeds.rb:26
  [1m[35m (0.2ms)[0m  [1m[35mBEGIN[0m
  ↳ db/seeds.rb:27
  [1m[36mEvent Load (0.3ms)[0m  [1m[34mSELECT  "events".* FROM "events" WHERE "events"."id" = $1 LIMIT $2[0m  [["id", 3], ["LIMIT", 1]]
  ↳ db/seeds.rb:27
  [1m[36mUser Load (0.3ms)[0m  [1m[34mSELECT  "users".* FROM "users" WHERE "users"."id" = $1 LIMIT $2[0m  [["id", 3], ["LIMIT", 1]]
  ↳ db/seeds.rb:27
  [1m[36mAttendance Create (0.4ms)[0m  [1m[32mINSERT INTO "attendances" ("user_id", "event_id", "created_at", "updated_at") VALUES ($1, $2, $3, $4) RETURNING "id"[0m  [["user_id", 3], ["event_id", 3], ["created_at", "2018-11-12 20:17:34.181801"], ["updated_at", "2018-11-12 20:17:34.181801"]]
  ↳ db/seeds.rb:27
  [1m[35m (1.3ms)[0m  [1m[35mCOMMIT[0m
  ↳ db/seeds.rb:27
  [1m[35m (0.2ms)[0m  [1m[35mBEGIN[0m
  ↳ db/seeds.rb:28
  [1m[36mEvent Load (0.2ms)[0m  [1m[34mSELECT  "events".* FROM "events" WHERE "events"."id" = $1 LIMIT $2[0m  [["id", 3], ["LIMIT", 1]]
  ↳ db/seeds.rb:28
  [1m[36mUser Load (0.3ms)[0m  [1m[34mSELECT  "users".* FROM "users" WHERE "users"."id" = $1 LIMIT $2[0m  [["id", 4], ["LIMIT", 1]]
  ↳ db/seeds.rb:28
  [1m[36mAttendance Create (0.4ms)[0m  [1m[32mINSERT INTO "attendances" ("user_id", "event_id", "created_at", "updated_at") VALUES ($1, $2, $3, $4) RETURNING "id"[0m  [["user_id", 4], ["event_id", 3], ["created_at", "2018-11-12 20:17:34.187346"], ["updated_at", "2018-11-12 20:17:34.187346"]]
  ↳ db/seeds.rb:28
  [1m[35m (1.3ms)[0m  [1m[35mCOMMIT[0m
  ↳ db/seeds.rb:28
  [1m[35m (0.2ms)[0m  [1m[35mBEGIN[0m
  ↳ db/seeds.rb:29
  [1m[36mEvent Load (0.3ms)[0m  [1m[34mSELECT  "events".* FROM "events" WHERE "events"."id" = $1 LIMIT $2[0m  [["id", 3], ["LIMIT", 1]]
  ↳ db/seeds.rb:29
  [1m[36mUser Load (0.3ms)[0m  [1m[34mSELECT  "users".* FROM "users" WHERE "users"."id" = $1 LIMIT $2[0m  [["id", 5], ["LIMIT", 1]]
  ↳ db/seeds.rb:29
  [1m[36mAttendance Create (0.4ms)[0m  [1m[32mINSERT INTO "attendances" ("user_id", "event_id", "created_at", "updated_at") VALUES ($1, $2, $3, $4) RETURNING "id"[0m  [["user_id", 5], ["event_id", 3], ["created_at", "2018-11-12 20:17:34.192932"], ["updated_at", "2018-11-12 20:17:34.192932"]]
  ↳ db/seeds.rb:29
  [1m[35m (1.3ms)[0m  [1m[35mCOMMIT[0m
  ↳ db/seeds.rb:29
  [1m[35m (0.2ms)[0m  [1m[35mBEGIN[0m
  ↳ db/seeds.rb:30
  [1m[36mEvent Load (0.3ms)[0m  [1m[34mSELECT  "events".* FROM "events" WHERE "events"."id" = $1 LIMIT $2[0m  [["id", 3], ["LIMIT", 1]]
  ↳ db/seeds.rb:30
  [1m[36mUser Load (0.3ms)[0m  [1m[34mSELECT  "users".* FROM "users" WHERE "users"."id" = $1 LIMIT $2[0m  [["id", 6], ["LIMIT", 1]]
  ↳ db/seeds.rb:30
  [1m[36mAttendance Create (0.4ms)[0m  [1m[32mINSERT INTO "attendances" ("user_id", "event_id", "created_at", "updated_at") VALUES ($1, $2, $3, $4) RETURNING "id"[0m  [["user_id", 6], ["event_id", 3], ["created_at", "2018-11-12 20:17:34.198818"], ["updated_at", "2018-11-12 20:17:34.198818"]]
  ↳ db/seeds.rb:30
  [1m[35m (1.5ms)[0m  [1m[35mCOMMIT[0m
  ↳ db/seeds.rb:30
  [1m[36mEvent Load (0.6ms)[0m  [1m[34mSELECT  "events".* FROM "events" LIMIT $1[0m  [["LIMIT", 11]]
  [1m[35m (7.1ms)[0m  [1m[34mSELECT COUNT(*) FROM "events"[0m
  [1m[35m (0.6ms)[0m  [1m[34mSELECT COUNT(*) FROM "users"[0m
  [1m[35m (1.1ms)[0m  [1m[34mSELECT COUNT(*) FROM "attendances"[0m
  [1m[36mUser Load (0.5ms)[0m  [1m[34mSELECT  "users".* FROM "users" ORDER BY "users"."id" ASC LIMIT $1[0m  [["LIMIT", 1]]
  [1m[36mEvent Load (0.8ms)[0m  [1m[34mSELECT  "events".* FROM "events" INNER JOIN "attendances" ON "events"."id" = "attendances"."event_id" WHERE "attendances"."user_id" = $1 LIMIT $2[0m  [["user_id", 1], ["LIMIT", 11]]
  [1m[36mEvent Load (0.7ms)[0m  [1m[34mSELECT  "events".* FROM "events" ORDER BY "events"."id" ASC LIMIT $1[0m  [["LIMIT", 1]]
  [1m[36mAttendance Load (0.6ms)[0m  [1m[34mSELECT  "attendances".* FROM "attendances" WHERE "attendances"."event_id" = $1 LIMIT $2[0m  [["event_id", 1], ["LIMIT", 11]]
  [1m[36mEvent Load (0.8ms)[0m  [1m[34mSELECT  "events".* FROM "events" ORDER BY "events"."id" ASC LIMIT $1[0m  [["LIMIT", 1]]
  [1m[36mUser Load (0.9ms)[0m  [1m[34mSELECT  "users".* FROM "users" INNER JOIN "attendances" ON "users"."id" = "attendances"."user_id" WHERE "attendances"."event_id" = $1 LIMIT $2[0m  [["event_id", 1], ["LIMIT", 11]]
  [1m[36mEvent Load (0.8ms)[0m  [1m[34mSELECT  "events".* FROM "events" ORDER BY "events"."id" ASC LIMIT $1[0m  [["LIMIT", 1]]
  [1m[36mUser Load (0.9ms)[0m  [1m[34mSELECT "users".* FROM "users" INNER JOIN "attendances" ON "users"."id" = "attendances"."user_id" WHERE "attendances"."event_id" = $1[0m  [["event_id", 1]]
